Log file open, 11/14/18 20:39:17
LogWindows: Failed to load 'aqProf.dll' (GetLastError=126)
LogWindows: File 'aqProf.dll' does not exist
LogWindows: Failed to load 'VtuneApi.dll' (GetLastError=126)
LogWindows: File 'VtuneApi.dll' does not exist
LogWindows: Failed to load 'VtuneApi32e.dll' (GetLastError=126)
LogWindows: File 'VtuneApi32e.dll' does not exist
LogInit: Display: Running engine for game: MyProject
LogPlatformFile: Not using cached read wrapper
LogTaskGraph: Started task graph with 5 named threads and 23 total threads with 3 sets of task threads.
LogStats: Stats thread started at 0.306322
LogD3D11RHI: Loaded GFSDK_Aftermath_Lib.x64.dll
LogICUInternationalization: Display: ICU TimeZone Detection - Raw Offset: -7:00, Platform Override: ''
LogPluginManager: Mounting plugin Paper2D
LogPluginManager: Mounting plugin AISupport
LogPluginManager: Mounting plugin LightPropagationVolume
LogPluginManager: Mounting plugin CLionSourceCodeAccess
LogPluginManager: Mounting plugin CodeLiteSourceCodeAccess
LogPluginManager: Mounting plugin GitSourceControl
LogPluginManager: Mounting plugin KDevelopSourceCodeAccess
LogPluginManager: Mounting plugin NullSourceCodeAccess
LogPluginManager: Mounting plugin PerforceSourceControl
LogPluginManager: Mounting plugin SubversionSourceControl
LogPluginManager: Mounting plugin UObjectPlugin
LogPluginManager: Mounting plugin VisualStudioCodeSourceCodeAccess
LogPluginManager: Mounting plugin VisualStudioSourceCodeAccess
LogPluginManager: Mounting plugin XCodeSourceCodeAccess
LogPluginManager: Mounting plugin AssetManagerEditor
LogPluginManager: Mounting plugin CryptoKeys
LogPluginManager: Mounting plugin DataValidation
LogPluginManager: Mounting plugin FacialAnimation
LogPluginManager: Mounting plugin GameplayTagsEditor
LogPluginManager: Mounting plugin MacGraphicsSwitching
LogPluginManager: Mounting plugin MeshEditor
LogPluginManager: Mounting plugin MobileLauncherProfileWizard
LogPluginManager: Mounting plugin PluginBrowser
LogPluginManager: Mounting plugin SpeedTreeImporter
LogPluginManager: Mounting plugin DatasmithContent
LogPluginManager: Mounting plugin AlembicImporter
LogPluginManager: Mounting plugin AppleImageUtils
LogPluginManager: Mounting plugin AppleVision
LogPluginManager: Mounting plugin BackChannel
LogPluginManager: Mounting plugin CharacterAI
LogPluginManager: Mounting plugin GeometryCache
LogPluginManager: Mounting plugin HTML5Networking
LogPluginManager: Mounting plugin ProxyLODPlugin
LogPluginManager: Mounting plugin MagicLeap
LogPluginManager: Mounting plugin MagicLeapEmulator
LogPluginManager: Mounting plugin MagicLeapMedia
LogPluginManager: Mounting plugin AndroidMedia
LogPluginManager: Mounting plugin AvfMedia
LogPluginManager: Mounting plugin ImgMedia
LogPluginManager: Mounting plugin LinearTimecode
LogPluginManager: Mounting plugin MediaCompositing
LogPluginManager: Mounting plugin MediaPlayerEditor
LogPluginManager: Mounting plugin WmfMedia
LogPluginManager: Mounting plugin TcpMessaging
LogPluginManager: Mounting plugin UdpMessaging
LogPluginManager: Mounting plugin ActorSequence
LogPluginManager: Mounting plugin LevelSequenceEditor
LogPluginManager: Mounting plugin MatineeToLevelSequence
LogPluginManager: Mounting plugin NetcodeUnitTest
LogPluginManager: Mounting plugin NUTUnrealEngine4
LogPluginManager: Mounting plugin OnlineSubsystemGooglePlay
LogPluginManager: Mounting plugin OnlineSubsystemIOS
LogPluginManager: Mounting plugin OnlineSubsystem
LogPluginManager: Mounting plugin OnlineSubsystemNull
LogPluginManager: Mounting plugin OnlineSubsystemUtils
LogPluginManager: Mounting plugin LauncherChunkInstaller
LogPluginManager: Mounting plugin AndroidDeviceProfileSelector
LogPluginManager: Mounting plugin AndroidMoviePlayer
LogPluginManager: Mounting plugin AndroidPermission
LogPluginManager: Mounting plugin ApexDestruction
LogPluginManager: Mounting plugin AppleMoviePlayer
LogPluginManager: Mounting plugin ArchVisCharacter
LogPluginManager: Mounting plugin AudioCapture
LogPluginManager: Mounting plugin CableComponent
LogPluginManager: Mounting plugin CustomMeshComponent
LogPluginManager: Mounting plugin EditableMesh
LogPluginManager: Mounting plugin ExampleDeviceProfileSelector
LogPluginManager: Mounting plugin GoogleCloudMessaging
LogPluginManager: Mounting plugin ImmediatePhysics
LogPluginManager: Mounting plugin IOSDeviceProfileSelector
LogPluginManager: Mounting plugin LinuxDeviceProfileSelector
LogPluginManager: Mounting plugin LocationServicesBPLibrary
LogPluginManager: Mounting plugin MobilePatchingUtils
LogPluginManager: Mounting plugin OculusVR
LogPluginManager: Plugin shader directory ../../../Engine/Plugins/Runtime/Oculus/OculusVR/Shaders found
LogPluginManager: Mapping shader source directory ../../../Engine/Plugins/Runtime/Oculus/OculusVR/Shaders to virtual directory /Plugin/OculusVR
LogPluginManager: Mounting plugin PhysXVehicles
LogPluginManager: Mounting plugin ProceduralMeshComponent
LogPluginManager: Mounting plugin RuntimePhysXCooking
LogPluginManager: Mounting plugin SteamVR
LogPluginManager: Mounting plugin WindowsMoviePlayer
LogStreaming: Display: Took  0.138s to configure plugins.
LogInit: Using libcurl 7.55.1-DEV
LogInit:  - built for x86_64-pc-win32
LogInit:  - supports SSL with OpenSSL/1.0.2h
LogInit:  - supports HTTP deflate (compression) using libz 1.2.8
LogInit:  - other features:
LogInit:      CURL_VERSION_SSL
LogInit:      CURL_VERSION_LIBZ
LogInit:      CURL_VERSION_IPV6
LogInit:      CURL_VERSION_ASYNCHDNS
LogInit:      CURL_VERSION_LARGEFILE
LogInit:      CURL_VERSION_IDN
LogInit:  CurlRequestOptions (configurable via config and command line):
LogInit:  - bVerifyPeer = false  - Libcurl will NOT verify peer certificate
LogInit:  - bUseHttpProxy = false  - Libcurl will NOT use HTTP proxy
LogInit:  - bDontReuseConnections = false  - Libcurl will reuse connections
LogInit:  - CertBundlePath = nullptr  - Libcurl will use whatever was configured at build time.
LogInit:  - MaxHostConnections = 16  - Libcurl will limit the number of connections to a host
LogInit:  - LocalHostAddr = Default
LogInit:  - BufferSize = 65536
LogInit: WinSock: version 1.1 (2.2), MaxSocks=32767, MaxUdp=65467
LogInit: Build: ++UE4+Release-4.20-CL-4212847
LogInit: Engine Version: 4.20.3-4212847+++UE4+Release-4.20
LogInit: Compatible Engine Version: 4.20.0-4212847+++UE4+Release-4.20
LogInit: Net CL: 4212847
LogInit: OS: Windows 10 (), CPU: Intel(R) Core(TM) i7-4790 CPU @ 3.60GHz, GPU: NVIDIA GeForce GTX 1070
LogInit: Compiled (64-bit): Jul 14 2018 09:51:14
LogInit: Compiled with Visual C++: 19.13.26129.00
LogInit: Build Configuration: Development
LogInit: Branch Name: ++UE4+Release-4.20
LogInit: Command Line:  
LogInit: Base Directory: C:/Program Files/Epic Games/UE_4.20/Engine/Binaries/Win64/
LogInit: Installed Engine Build: 1
LogDevObjectVersion: Number of dev versions registered: 20
LogDevObjectVersion:   Dev-Blueprints (B0D832E4-1F89-4F0D-ACCF-7EB736FD4AA2): 10
LogDevObjectVersion:   Dev-Build (E1C64328-A22C-4D53-A36C-8E866417BD8C): 0
LogDevObjectVersion:   Dev-Core (375EC13C-06E4-48FB-B500-84F0262A717E): 2
LogDevObjectVersion:   Dev-Editor (E4B068ED-F494-42E9-A231-DA0B2E46BB41): 24
LogDevObjectVersion:   Dev-Framework (CFFC743F-43B0-4480-9391-14DF171D2073): 34
LogDevObjectVersion:   Dev-Mobile (B02B49B5-BB20-44E9-A304-32B752E40360): 2
LogDevObjectVersion:   Dev-Networking (A4E4105C-59A1-49B5-A7C5-40C4547EDFEE): 0
LogDevObjectVersion:   Dev-Online (39C831C9-5AE6-47DC-9A44-9C173E1C8E7C): 0
LogDevObjectVersion:   Dev-Physics (78F01B33-EBEA-4F98-B9B4-84EACCB95AA2): 0
LogDevObjectVersion:   Dev-Platform (6631380F-2D4D-43E0-8009-CF276956A95A): 0
LogDevObjectVersion:   Dev-Rendering (12F88B9F-8875-4AFC-A67C-D90C383ABD29): 26
LogDevObjectVersion:   Dev-Sequencer (7B5AE74C-D270-4C10-A958-57980B212A5A): 9
LogDevObjectVersion:   Dev-VR (D7296918-1DD6-4BDD-9DE2-64A83CC13884): 2
LogDevObjectVersion:   Dev-LoadTimes (C2A15278-BFE7-4AFE-6C17-90FF531DF755): 1
LogDevObjectVersion:   Private-Geometry (6EACA3D4-40EC-4CC1-B786-8BED09428FC5): 3
LogDevObjectVersion:   Dev-AnimPhys (29E575DD-E0A3-4627-9D10-D276232CDCEA): 17
LogDevObjectVersion:   Dev-ReflectionCapture (6B266CEC-1EC7-4B8F-A30B-E4D90942FC07): 1
LogDevObjectVersion:   Dev-Automation (0DF73D61-A23F-47EA-B727-89E90C41499A): 1
LogDevObjectVersion:   FortniteMain (601D1886-AC64-4F84-AA16-D3DE0DEAC7D6): 12
LogDevObjectVersion:   Dev-Enterprise (9DFFBCD6-494F-0158-E221-12823C92A888): 1
LogStreaming: Display: Took  0.003s to delete old logs.
LogInit: Presizing for max 8388607 objects, including 0 objects not considered by GC, pre-allocating 0 bytes for permanent pool.
LogInit: Object subsystem initialized
[2018.11.15-03.39.17:622][  0]LogInit: Selected Device Profile: [Windows]
[2018.11.15-03.39.17:622][  0]LogInit: Applying CVar settings loaded from the selected device profile: [Windows]
[2018.11.15-03.39.17:636][  0]LogHAL: Display: Platform has ~ 32 GB [34230398976 / 34359738368 / 32], which maps to Largest [LargestMinGB=32, LargerMinGB=12, DefaultMinGB=8, SmallerMinGB=6, SmallestMinGB=0)
[2018.11.15-03.39.17:637][  0]LogInit: Setting Device Profile CVar: [[r.Vulkan.UseRealUBs:1]]
[2018.11.15-03.39.17:637][  0]LogInit: Going up to parent DeviceProfile []
[2018.11.15-03.39.17:637][  0]LogInit: Computer: eae-d-044
[2018.11.15-03.39.17:637][  0]LogInit: User: u1218942
[2018.11.15-03.39.17:637][  0]LogInit: CPU Page size=4096, Cores=4
[2018.11.15-03.39.17:637][  0]LogInit: High frequency timer resolution =3.513592 MHz
[2018.11.15-03.39.17:637][  0]LogMemory: Memory total: Physical=31.9GB (32GB approx)
[2018.11.15-03.39.17:637][  0]LogMemory: Platform Memory Stats for Windows
[2018.11.15-03.39.17:637][  0]LogMemory: Process Physical Memory: 102.27 MB used, 102.27 MB peak
[2018.11.15-03.39.17:637][  0]LogMemory: Process Virtual Memory: 90.48 MB used, 90.48 MB peak
[2018.11.15-03.39.17:637][  0]LogMemory: Physical Memory: 7607.04 MB used,  25037.62 MB free, 32644.65 MB total
[2018.11.15-03.39.17:637][  0]LogMemory: Virtual Memory: 4639.82 MB used,  25037.62 MB free, 134217728.00 MB total
[2018.11.15-03.39.17:666][  0]LogInit: Using OS detected language (en-US).
[2018.11.15-03.39.17:666][  0]LogInit: Using OS detected locale (en-US).
[2018.11.15-03.39.17:667][  0]LogTextLocalizationManager: No specific localization for 'en-US' exists, so the 'en' localization will be used.
[2018.11.15-03.39.18:059][  0]LogStreaming: Display: Took  0.393s to InitEngineTextLocalization.
[2018.11.15-03.39.18:059][  0]LogInit: Setting process to per monitor DPI aware
[2018.11.15-03.39.18:106][  0]LogSlate: New Slate User Created.  User Index 0, Is Virtual User: 0
[2018.11.15-03.39.18:106][  0]LogSlate: Slate User Registered.  User Index 0, Is Virtual User: 0
[2018.11.15-03.39.18:333][  0]LogHMD: Failed to initialize OpenVR with code 110
[2018.11.15-03.39.18:333][  0]LogD3D11RHI: D3D11 adapters:
[2018.11.15-03.39.18:399][  0]LogD3D11RHI:    0. 'NVIDIA GeForce GTX 1070' (Feature Level 11_0)
[2018.11.15-03.39.18:399][  0]LogD3D11RHI:       8088/0/16322 MB DedicatedVideo/DedicatedSystem/SharedSystem, Outputs:2, VendorId:0x10de
[2018.11.15-03.39.18:409][  0]LogD3D11RHI:    1. 'Intel(R) HD Graphics 4600' (Feature Level 11_0)
[2018.11.15-03.39.18:409][  0]LogD3D11RHI:       112/0/2048 MB DedicatedVideo/DedicatedSystem/SharedSystem, Outputs:0, VendorId:0x8086
[2018.11.15-03.39.18:411][  0]LogD3D11RHI:    2. 'Microsoft Basic Render Driver' (Feature Level 11_0)
[2018.11.15-03.39.18:411][  0]LogD3D11RHI:       0/0/16322 MB DedicatedVideo/DedicatedSystem/SharedSystem, Outputs:0, VendorId:0x1414
[2018.11.15-03.39.18:411][  0]LogD3D11RHI: Chosen D3D11 Adapter: 0
[2018.11.15-03.39.18:422][  0]LogD3D11RHI: Creating new Direct3DDevice
[2018.11.15-03.39.18:422][  0]LogD3D11RHI:     GPU DeviceId: 0x1b81 (for the marketing name, search the web for "GPU Device Id")
[2018.11.15-03.39.18:422][  0]LogWindows: EnumDisplayDevices:
[2018.11.15-03.39.18:422][  0]LogWindows:    0. 'NVIDIA GeForce GTX 1070' (P:1 D:1)
[2018.11.15-03.39.18:422][  0]LogWindows:    1. 'NVIDIA GeForce GTX 1070' (P:0 D:1)
[2018.11.15-03.39.18:423][  0]LogWindows:    2. 'NVIDIA GeForce GTX 1070' (P:0 D:0)
[2018.11.15-03.39.18:423][  0]LogWindows:    3. 'NVIDIA GeForce GTX 1070' (P:0 D:0)
[2018.11.15-03.39.18:423][  0]LogWindows:    4. 'Intel(R) HD Graphics 4600' (P:0 D:0)
[2018.11.15-03.39.18:424][  0]LogWindows:    5. 'Intel(R) HD Graphics 4600' (P:0 D:0)
[2018.11.15-03.39.18:424][  0]LogWindows:    6. 'Intel(R) HD Graphics 4600' (P:0 D:0)
[2018.11.15-03.39.18:425][  0]LogWindows: DebugString: PrimaryIsNotTheChoosenAdapter PrimaryIsNotTheChoosenAdapter PrimaryIsNotTheChoosenAdapter FoundDriverCount:4 
[2018.11.15-03.39.18:425][  0]LogD3D11RHI:     Adapter Name: NVIDIA GeForce GTX 1070
[2018.11.15-03.39.18:425][  0]LogD3D11RHI:   Driver Version: 398.36 (internal:24.21.13.9836, unified:398.36)
[2018.11.15-03.39.18:425][  0]LogD3D11RHI:      Driver Date: 6-24-2018
[2018.11.15-03.39.18:425][  0]LogRHI: Texture pool is 5661 MB (70% of 8088 MB)
[2018.11.15-03.39.18:476][  0]LogD3D11RHI: Async texture creation enabled
[2018.11.15-03.39.18:497][  0]LogD3D11RHI: GPU Timing Frequency: 1000.000000 (Debug: 2 2)
[2018.11.15-03.39.18:584][  0]LogShaderCompilers: Guid format shader working directory is -29 characters bigger than the processId version (../../../../../../Users/u1218942/Documents/GitHub/Team8TartsDragging/MyProject/Intermediate/Shaders/WorkingDirectory/9204/).
[2018.11.15-03.39.18:584][  0]LogShaderCompilers: Cleaned the shader compiler working directory 'C:/Users/u1218942/AppData/Local/Temp/UnrealShaderWorkingDir/B1960C2241446BE7D3F631934A1B457E/'.
[2018.11.15-03.39.18:873][  0]LogTemp: Display: Loaded TP AllDesktopTargetPlatform
[2018.11.15-03.39.18:888][  0]LogTemp: Display: Loaded TP MacClientTargetPlatform
[2018.11.15-03.39.18:904][  0]LogTemp: Display: Loaded TP MacNoEditorTargetPlatform
[2018.11.15-03.39.18:919][  0]LogTemp: Display: Loaded TP MacServerTargetPlatform
[2018.11.15-03.39.18:935][  0]LogTemp: Display: Loaded TP MacTargetPlatform
[2018.11.15-03.39.18:950][  0]LogTemp: Display: Loaded TP WindowsClientTargetPlatform
[2018.11.15-03.39.18:968][  0]LogTemp: Display: Loaded TP WindowsNoEditorTargetPlatform
[2018.11.15-03.39.18:984][  0]LogTemp: Display: Loaded TP WindowsServerTargetPlatform
[2018.11.15-03.39.18:992][  0]LogTemp: Display: Loaded TP WindowsTargetPlatform
[2018.11.15-03.39.19:077][  0]LogTemp: Display: Loaded TP AndroidTargetPlatform
[2018.11.15-03.39.19:077][  0]LogTemp: Display: Loaded TP AndroidTargetPlatform
[2018.11.15-03.39.19:077][  0]LogTemp: Display: Loaded TP AndroidTargetPlatform
[2018.11.15-03.39.19:077][  0]LogTemp: Display: Loaded TP AndroidTargetPlatform
[2018.11.15-03.39.19:077][  0]LogTemp: Display: Loaded TP AndroidTargetPlatform
[2018.11.15-03.39.19:077][  0]LogTemp: Display: Loaded TP AndroidTargetPlatform
[2018.11.15-03.39.19:077][  0]LogTemp: Display: Loaded TP AndroidTargetPlatform
[2018.11.15-03.39.19:077][  0]LogTemp: Display: Loaded TP AndroidTargetPlatform
[2018.11.15-03.39.19:077][  0]LogTemp: Display: Loaded TP AndroidTargetPlatform
[2018.11.15-03.39.19:077][  0]LogTemp: Display: Loaded TP AndroidTargetPlatform
[2018.11.15-03.39.19:077][  0]LogTemp: Display: Loaded TP AndroidTargetPlatform
[2018.11.15-03.39.19:077][  0]LogTemp: Display: Loaded TP AndroidTargetPlatform
[2018.11.15-03.39.19:077][  0]LogTemp: Display: Loaded TP AndroidTargetPlatform
[2018.11.15-03.39.19:077][  0]LogTemp: Display: Loaded TP AndroidTargetPlatform
[2018.11.15-03.39.19:077][  0]LogTemp: Display: Loaded TP AndroidTargetPlatform
[2018.11.15-03.39.19:077][  0]LogTemp: Display: Loaded TP AndroidTargetPlatform
[2018.11.15-03.39.19:077][  0]LogTemp: Display: Loaded TP AndroidTargetPlatform
[2018.11.15-03.39.19:077][  0]LogTemp: Display: Loaded TP AndroidTargetPlatform
[2018.11.15-03.39.19:079][  0]LogTemp: Display: Loaded TP HTML5TargetPlatform
[2018.11.15-03.39.19:141][  0]LogTemp: Display: Loaded TP IOSTargetPlatform
[2018.11.15-03.39.19:141][  0]LogTemp: Display: Loaded TP IOSTargetPlatform
[2018.11.15-03.39.19:166][  0]LogTemp: Display: Loaded TP TVOSTargetPlatform
[2018.11.15-03.39.19:166][  0]LogTemp: Display: Loaded TP TVOSTargetPlatform
[2018.11.15-03.39.19:179][  0]LogTemp: Display: Loaded TP LinuxClientTargetPlatform
[2018.11.15-03.39.19:191][  0]LogTemp: Display: Loaded TP LinuxNoEditorTargetPlatform
[2018.11.15-03.39.19:207][  0]LogTemp: Display: Loaded TP LinuxServerTargetPlatform
[2018.11.15-03.39.19:221][  0]LogTemp: Display: Loaded TP LinuxTargetPlatform
[2018.11.15-03.39.19:230][  0]LogTemp: Display: Loaded TP LuminTargetPlatform
[2018.11.15-03.39.19:230][  0]LogTargetPlatformManager: Display: Building Assets For Windows
[2018.11.15-03.39.19:320][  0]LogXGEController: Cleaning working directory: C:/Users/u1218942/AppData/Local/Temp/UnrealXGEWorkingDir/
[2018.11.15-03.39.19:321][  0]LogXGEController: Cannot use XGE Controller as Incredibuild is not installed on this machine.
[2018.11.15-03.39.19:321][  0]LogShaderCompilers: Cannot use XGE Shader Compiler as Incredibuild is not installed on this machine.
[2018.11.15-03.39.19:321][  0]LogShaderCompilers: Display: Using Local Shader Compiler.
[2018.11.15-03.39.20:107][  0]LogDerivedDataCache: Display: Max Cache Size: 512 MB
[2018.11.15-03.39.20:199][  0]LogDerivedDataCache: Loaded boot cache 0.09s 71MB C:/Users/u1218942/AppData/Local/UnrealEngine/4.20/DerivedDataCache/Boot.ddc.
[2018.11.15-03.39.20:199][  0]LogDerivedDataCache: Display: Loaded Boot cache: C:/Users/u1218942/AppData/Local/UnrealEngine/4.20/DerivedDataCache/Boot.ddc
[2018.11.15-03.39.20:200][  0]LogDerivedDataCache: FDerivedDataBackendGraph:  Pak pak cache file ../../../../../../Users/u1218942/Documents/GitHub/Team8TartsDragging/MyProject/DerivedDataCache/DDC.ddp not found, will not use a pak cache.
[2018.11.15-03.39.20:200][  0]LogDerivedDataCache: Unable to find inner node Pak for hierarchical cache Hierarchy.
[2018.11.15-03.39.20:200][  0]LogDerivedDataCache: FDerivedDataBackendGraph:  CompressedPak pak cache file ../../../../../../Users/u1218942/Documents/GitHub/Team8TartsDragging/MyProject/DerivedDataCache/Compressed.ddp not found, will not use a pak cache.
[2018.11.15-03.39.20:200][  0]LogDerivedDataCache: Unable to find inner node CompressedPak for hierarchical cache Hierarchy.
[2018.11.15-03.39.20:212][  0]LogDerivedDataCache: Display: Pak cache opened for reading ../../../Engine/DerivedDataCache/Compressed.ddp.
[2018.11.15-03.39.20:225][  0]LogDerivedDataCache: Using Local data cache path C:/Users/u1218942/AppData/Local/UnrealEngine/Common/DerivedDataCache: Writable
[2018.11.15-03.39.20:225][  0]LogDerivedDataCache: Shared data cache path not found in *engine.ini, will not use an Shared cache.
[2018.11.15-03.39.20:225][  0]LogDerivedDataCache: Unable to find inner node Shared for hierarchical cache Hierarchy.
[2018.11.15-03.39.20:247][  0]LogMaterial: Verifying Global Shaders for PCD3D_SM5
[2018.11.15-03.39.20:248][  0]LogSlate: Using FreeType 2.6.0
[2018.11.15-03.39.20:249][  0]LogSlate: SlateFontServices - WITH_FREETYPE: 1, WITH_HARFBUZZ: 1
[2018.11.15-03.39.20:331][  0]LogAssetRegistry: FAssetRegistry took 0.0258 seconds to start up
[2018.11.15-03.39.20:683][  0]LogInit: Selected Device Profile: [Windows]
[2018.11.15-03.39.20:835][  0]LogSimplygon: Simplygon DLL not present - disabling.
[2018.11.15-03.39.20:841][  0]LogMeshReduction: Using SimplygonSwarm for distributed automatic mesh merging
[2018.11.15-03.39.20:841][  0]LogMeshReduction: Using ProxyLODMeshReduction for automatic mesh merging
[2018.11.15-03.39.20:841][  0]LogMeshReduction: Using QuadricMeshReduction for automatic static mesh reduction
[2018.11.15-03.39.20:841][  0]LogMeshReduction: No automatic skeletal mesh reduction module available
[2018.11.15-03.39.20:864][  0]LogNetVersion: MyProject 1.0.0, NetCL: 4212847, EngineNetVer: 5, GameNetVer: 0 (Checksum: 1110078900)
[2018.11.15-03.39.21:426][  0]LogPackageLocalizationCache: Processed 11 localized package path(s) for 2 prioritized culture(s) in 0.115701 seconds
[2018.11.15-03.39.21:434][  0]LogUObjectArray: 38425 objects as part of root set at end of initial load.
[2018.11.15-03.39.21:434][  0]LogUObjectAllocator: 6690864 out of 0 bytes used by permanent object pool.
[2018.11.15-03.39.21:434][  0]LogUObjectArray: CloseDisregardForGC: 0/0 objects in disregard for GC pool
[2018.11.15-03.39.22:386][  0]LogTcpMessaging: Initializing TcpMessaging bridge
[2018.11.15-03.39.22:399][  0]LogUdpMessaging: Initializing bridge on interface 0.0.0.0:0 to multicast group 230.0.0.1:6666.
[2018.11.15-03.39.22:572][  0]SourceControl: Source control is disabled
[2018.11.15-03.39.22:572][  0]SourceControl: Source control is disabled
[2018.11.15-03.39.22:574][  0]SourceControl: Source control is disabled
[2018.11.15-03.39.22:575][  0]SourceControl: Source control is disabled
[2018.11.15-03.39.22:749][  0]LogAndroidPermission: UAndroidPermissionCallbackProxy::GetInstance
[2018.11.15-03.39.22:869][  0]LogOcInput: OculusInput pre-init called
[2018.11.15-03.39.22:939][  0]LogEngine: Initializing Engine...
[2018.11.15-03.39.22:940][  0]LogHMD: Failed to initialize OpenVR with code 110
[2018.11.15-03.39.22:941][  0]LogStats: UGameplayTagsManager::ConstructGameplayTagTree: ImportINI prefixes -  0.000 s
[2018.11.15-03.39.22:941][  0]LogStats: UGameplayTagsManager::ConstructGameplayTagTree: Construct from data asset -  0.000 s
[2018.11.15-03.39.22:941][  0]LogStats: UGameplayTagsManager::ConstructGameplayTagTree: ImportINI -  0.000 s
[2018.11.15-03.39.22:941][  0]LogStats: UGameplayTagsManager::ConstructGameplayTagTree: GameplayTagTreeChangedEvent.Broadcast -  0.000 s
[2018.11.15-03.39.23:187][  0]LogInit: Initializing FReadOnlyCVARCache
[2018.11.15-03.39.23:206][  0]LogAIModule: Creating AISystem for world Untitled
[2018.11.15-03.39.23:238][  0]LogInit: XAudio2 using 'Headphones (3- High Definition Audio Device)' : 2 channels at 48 kHz using 16 bits per sample (channel mask 0x3)
[2018.11.15-03.39.23:281][  0]LogInit: FAudioDevice initialized.
[2018.11.15-03.39.23:282][  0]LogNetVersion: Set ProjectVersion to 1.0.0.0. Version Checksum will be recalculated on next use.
[2018.11.15-03.39.23:370][  0]LogDerivedDataCache: Saved boot cache 0.09s 71MB C:/Users/u1218942/AppData/Local/UnrealEngine/4.20/DerivedDataCache/Boot.ddc.
[2018.11.15-03.39.23:408][  0]LogInit: Texture streaming: Enabled
[2018.11.15-03.39.23:433][  0]LogEngineSessionManager: EngineSessionManager initialized
[2018.11.15-03.39.23:455][  0]LogInit: Transaction tracking system initialized
[2018.11.15-03.39.23:494][  0]BlueprintLog: New page: Editor Load
[2018.11.15-03.39.23:618][  0]LocalizationService: Localization service is disabled
[2018.11.15-03.39.23:916][  0]LogCook: Display: Max memory allowance for cook 16384mb min free memory 0mb
[2018.11.15-03.39.23:916][  0]LogCook: Display: Mobile HDR setting 1
[2018.11.15-03.39.23:916][  0]LogGameplayTags: Display: UGameplayTagsManager::DoneAddingNativeTags. DelegateIsBound: 0
[2018.11.15-03.39.23:916][  0]LogStats: UGameplayTagsManager::ConstructGameplayTagTree: ImportINI prefixes -  0.000 s
[2018.11.15-03.39.23:916][  0]LogStats: UGameplayTagsManager::ConstructGameplayTagTree: Construct from data asset -  0.000 s
[2018.11.15-03.39.23:916][  0]LogStats: UGameplayTagsManager::ConstructGameplayTagTree: ImportINI -  0.000 s
[2018.11.15-03.39.23:916][  0]LogStats: UGameplayTagsManager::ConstructGameplayTagTree: GameplayTagTreeChangedEvent.Broadcast -  0.000 s
[2018.11.15-03.39.24:066][  0]LogFileCache: Scanning file cache for directory 'C:/Users/u1218942/Documents/GitHub/Team8TartsDragging/MyProject/Content/' took 0.02s
[2018.11.15-03.39.24:066][  0]SourceControl: Source control is disabled
[2018.11.15-03.39.24:066][  0]Cmd: MAP LOAD FILE="../../../../../../Users/u1218942/Documents/GitHub/Team8TartsDragging/MyProject/Content/ThirdPersonBP/Maps/ThirdPersonExampleMap.umap" TEMPLATE=0 SHOWPROGRESS=1 FEATURELEVEL=3
[2018.11.15-03.39.24:067][  0]LightingResults: New page: Lighting Build
[2018.11.15-03.39.24:072][  0]MapCheck: New page: Map Check
[2018.11.15-03.39.24:072][  0]LightingResults: New page: Lighting Build
[2018.11.15-03.39.24:568][  0]LogAIModule: Creating AISystem for world ThirdPersonExampleMap
[2018.11.15-03.39.24:578][  0]LogEditorServer: Finished looking for orphan Actors (0.000 secs)
[2018.11.15-03.39.24:605][  0]Cmd: MAP CHECKDEP NOCLEARLOG
[2018.11.15-03.39.24:707][  0]MapCheck: Map check complete: 0 Error(s), 0 Warning(s), took 101.96ms to complete.
[2018.11.15-03.39.24:707][  0]LogFileHelpers: Loading map 'ThirdPersonExampleMap' took 0.642
[2018.11.15-03.39.24:823][  0]LogSlate: Updating window title bar state: overlay mode, drag disabled, window buttons hidden, title bar hidden
[2018.11.15-03.39.24:832][  0]LogSlate: Updating window title bar state: overlay mode, drag disabled, window buttons hidden, title bar hidden
[2018.11.15-03.39.24:840][  0]LogSlate: Updating window title bar state: overlay mode, drag disabled, window buttons hidden, title bar hidden
[2018.11.15-03.39.24:847][  0]LogSlate: Updating window title bar state: overlay mode, drag disabled, window buttons hidden, title bar hidden
[2018.11.15-03.39.24:858][  0]LogCollectionManager: Loaded 0 collections in 0.003631 seconds
[2018.11.15-03.39.24:905][  0]LogFileCache: Scanning file cache for directory 'C:/Users/u1218942/Documents/GitHub/Team8TartsDragging/MyProject/Saved/Collections/' took 0.01s
[2018.11.15-03.39.24:905][  0]LogFileCache: Scanning file cache for directory 'C:/Users/u1218942/Documents/GitHub/Team8TartsDragging/MyProject/Content/Developers/u1218942/Collections/' took 0.01s
[2018.11.15-03.39.24:905][  0]LogFileCache: Scanning file cache for directory 'C:/Users/u1218942/Documents/GitHub/Team8TartsDragging/MyProject/Content/Collections/' took 0.01s
[2018.11.15-03.39.24:905][  0]LogCollectionManager: Rebuilt the GUID cache for 0 collections in 0.000000 seconds
[2018.11.15-03.39.24:915][  0]LogContentBrowser: Native class hierarchy populated in 0.0094 seconds. Added 2581 classes and 608 folders.
[2018.11.15-03.39.24:924][  0]LogContentBrowser: Native class hierarchy updated for 'WidgetCarousel' in 0.0002 seconds. Added 0 classes and 0 folders.
[2018.11.15-03.39.24:989][  0]LogContentBrowser: Native class hierarchy updated for 'AddContentDialog' in 0.0003 seconds. Added 0 classes and 0 folders.
[2018.11.15-03.39.24:997][  0]LogContentBrowser: Native class hierarchy updated for 'SceneOutliner' in 0.0002 seconds. Added 1 classes and 2 folders.
[2018.11.15-03.39.25:012][  0]LogSlate: Took 0.000272 seconds to synchronously load lazily loaded font '../../../Engine/Content/Slate/Fonts/Roboto-Regular.ttf' (155K)
[2018.11.15-03.39.25:016][  0]LogSlate: Took 0.000524 seconds to synchronously load lazily loaded font '../../../Engine/Content/Slate/Fonts/Roboto-Bold.ttf' (160K)
[2018.11.15-03.39.25:022][  0]LogSlate: Took 0.000248 seconds to synchronously load lazily loaded font '../../../Engine/Content/Editor/Slate/Fonts/FontAwesome.ttf' (139K)
[2018.11.15-03.39.25:103][  0]LogRenderer: Reallocating scene render targets to support 1208x576 Format 10 NumSamples 1 (Frame:1).
[2018.11.15-03.39.25:219][  0]LogContentBrowser: Native class hierarchy updated for 'HierarchicalLODOutliner' in 0.0002 seconds. Added 0 classes and 0 folders.
[2018.11.15-03.39.25:219][  0]LogLoad: (Engine Initialization) Total time: 10.05 seconds
[2018.11.15-03.39.25:219][  0]LogLoad: (Engine Initialization) Total Blueprint compile time: 0.00 seconds
[2018.11.15-03.39.25:229][  0]LogWindowsTextInputMethodSystem: Display: IME system now deactivated.
[2018.11.15-03.39.25:250][  0]LogContentStreaming: Texture pool size now 1000 MB
[2018.11.15-03.39.25:276][  0]LogSlate: Took 0.000251 seconds to synchronously load lazily loaded font '../../../Engine/Content/Slate/Fonts/Roboto-Light.ttf' (167K)
[2018.11.15-03.39.25:306][  1]LogAssetRegistry: Asset discovery search completed in 4.9975 seconds
[2018.11.15-03.39.25:307][  1]LogCollectionManager: Rebuilt the object cache for 0 collections in 0.000000 seconds (found 0 objects)
[2018.11.15-03.39.25:307][  1]LogCollectionManager: Fixed up redirectors for 0 collections in 0.000052 seconds (updated 0 objects)
[2018.11.15-03.40.04:060][603]LogSlate: FSceneViewport::OnFocusLost() reason 2
[2018.11.15-03.40.04:680][654]LogSlate: Took 0.000202 seconds to synchronously load lazily loaded font '../../../Engine/Content/Slate/Fonts/Roboto-Light.ttf' (167K)
[2018.11.15-03.40.06:509][865]LogSlate: FSceneViewport::OnFocusLost() reason 2
[2018.11.15-03.40.06:514][865]LogAssetEditorManager: Opening Asset editor for LevelScriptBlueprint /Game/ThirdPersonBP/Maps/ThirdPersonExampleMap.ThirdPersonExampleMap:PersistentLevel.ThirdPersonExampleMap
[2018.11.15-03.40.06:950][865]LogContentBrowser: Native class hierarchy updated for 'BlueprintGraph' in 0.0006 seconds. Added 116 classes and 0 folders.
[2018.11.15-03.40.07:640][865]LogSlate: Took 0.000222 seconds to synchronously load lazily loaded font '../../../Engine/Content/Slate/Fonts/Roboto-BoldCondensed.ttf' (158K)
[2018.11.15-03.40.48:931][411]LogSlate: FSceneViewport::OnFocusLost() reason 0
[2018.11.15-03.42.08:814][ 61]LogSlate: Window 'ThirdPersonExampleMap - Level Blueprint Editor' being destroyed
[2018.11.15-03.42.08:817][ 61]LogSlate: Window 'ThirdPersonExampleMap - Level Blueprint Editor' being destroyed
[2018.11.15-03.42.11:135][326]LogSlate: FSceneViewport::OnFocusLost() reason 0
[2018.11.15-03.42.15:293][584]LogSlate: Window 'Pick Parent Class' being destroyed
[2018.11.15-03.42.35:049][944]LogAssetEditorManager: Opening Asset editor for Blueprint /Game/ThirdPersonBP/Blueprints/PullPushTest.PullPushTest
[2018.11.15-03.42.37:859][216]LogSlate: Took 0.000310 seconds to synchronously load lazily loaded font '../../../Engine/Content/Slate/Fonts/Roboto-Italic.ttf' (157K)
[2018.11.15-03.42.38:640][301]LogSlate: FSceneViewport::OnFocusLost() reason 2
[2018.11.15-03.42.47:048][297]LogSlate: FSceneViewport::OnFocusLost() reason 2
[2018.11.15-03.42.54:133][ 74]LogSlate: FSceneViewport::OnFocusLost() reason 0
[2018.11.15-03.42.54:191][ 81]BlueprintLog: New page: Compile PullPushTest
[2018.11.15-03.43.08:422][478]LogSlate: FSceneViewport::OnFocusLost() reason 0
[2018.11.15-03.43.10:173][662]BlueprintLog: New page: Compile PullPushTest
[2018.11.15-03.45.36:015][265]LogSelectionDetails: Warning: NavigateToFunctionSource:  Unable to find symbols for 'AActor::K2_AttachToActor' [Element not found.]
[2018.11.15-03.45.58:062][798]BlueprintLog: New page: Compile PullPushTest
[2018.11.15-03.45.58:067][798]LogBlueprint: Error: [Compiler PullPushTest] The type of  Object  is undetermined.  Connect something to  Cast To Character  to imply a specific type.
[2018.11.15-03.45.58:068][798]LogBlueprint: Error: [Compiler PullPushTest] The current value of the ' Object ' pin is invalid: Unsupported type Object Wildcard on pin Object
[2018.11.15-03.45.58:198][798]LogBlueprint: Warning: [Compiler PullPushTest] [0403.03] Compile of PullPushTest failed. 2 Fatal Issue(s) 0 Warning(s) [in 135 ms] (/Game/ThirdPersonBP/Blueprints/PullPushTest.PullPushTest)
[2018.11.15-03.46.09:122][ 26]BlueprintLog: New page: Compile PullPushTest
[2018.11.15-03.46.09:127][ 26]LogBlueprint: Error: [Compiler PullPushTest] The type of  Object  is undetermined.  Connect something to  Cast To Character  to imply a specific type.
[2018.11.15-03.46.09:127][ 26]LogBlueprint: Error: [Compiler PullPushTest] The current value of the ' Object ' pin is invalid: Unsupported type Object Wildcard on pin Object
[2018.11.15-03.46.09:248][ 26]LogBlueprint: Warning: [Compiler PullPushTest] [0414.08] Compile of PullPushTest failed. 2 Fatal Issue(s) 0 Warning(s) [in 125 ms] (/Game/ThirdPersonBP/Blueprints/PullPushTest.PullPushTest)
[2018.11.15-03.46.27:798][107]BlueprintLog: New page: Compile PullPushTest
[2018.11.15-03.46.27:803][107]LogBlueprint: Error: [Compiler PullPushTest] The type of  Object  is undetermined.  Connect something to  Cast To SkeletalMeshActor  to imply a specific type.
[2018.11.15-03.46.27:803][107]LogBlueprint: Error: [Compiler PullPushTest] The type of  Object  is undetermined.  Connect something to  Cast To Character  to imply a specific type.
[2018.11.15-03.46.27:803][107]LogBlueprint: Error: [Compiler PullPushTest] The current value of the ' Object ' pin is invalid: Unsupported type Object Wildcard on pin Object
[2018.11.15-03.46.27:803][107]LogBlueprint: Error: [Compiler PullPushTest] The current value of the ' Object ' pin is invalid: Unsupported type Object Wildcard on pin Object
[2018.11.15-03.46.27:923][107]LogBlueprint: Warning: [Compiler PullPushTest] [0432.76] Compile of PullPushTest failed. 4 Fatal Issue(s) 0 Warning(s) [in 124 ms] (/Game/ThirdPersonBP/Blueprints/PullPushTest.PullPushTest)
[2018.11.15-03.47.05:873][487]BlueprintLog: New page: Compile PullPushTest
[2018.11.15-03.47.05:878][487]LogBlueprint: Error: [Compiler PullPushTest] The type of  Object  is undetermined.  Connect something to  Cast To Character  to imply a specific type.
[2018.11.15-03.47.05:878][487]LogBlueprint: Error: [Compiler PullPushTest] The current value of the ' Object ' pin is invalid: Unsupported type Object Wildcard on pin Object
[2018.11.15-03.47.05:997][487]LogBlueprint: Warning: [Compiler PullPushTest] [0470.83] Compile of PullPushTest failed. 2 Fatal Issue(s) 0 Warning(s) [in 124 ms] (/Game/ThirdPersonBP/Blueprints/PullPushTest.PullPushTest)
[2018.11.15-03.47.35:332][867]BlueprintLog: New page: Compile PullPushTest
[2018.11.15-03.47.35:337][867]LogBlueprint: Error: [Compiler PullPushTest] The type of  Object  is undetermined.  Connect something to  Cast To PlayerController  to imply a specific type.
[2018.11.15-03.47.35:337][867]LogBlueprint: Error: [Compiler PullPushTest] The current value of the ' Object ' pin is invalid: Unsupported type Object Wildcard on pin Object
[2018.11.15-03.47.35:456][867]LogBlueprint: Warning: [Compiler PullPushTest] [0500.29] Compile of PullPushTest failed. 2 Fatal Issue(s) 0 Warning(s) [in 123 ms] (/Game/ThirdPersonBP/Blueprints/PullPushTest.PullPushTest)
[2018.11.15-03.49.28:355][620]LogFileHelpers: Editor autosave (incl. sublevels) for '/Game/ThirdPersonBP/Maps/ThirdPersonExampleMap' took 0.027
[2018.11.15-03.49.28:357][620]OBJ SavePackage: Generating thumbnails for [0] asset(s) in package [/Game/ThirdPersonBP/Blueprints/PullPushTest] ([1] browsable assets)...
[2018.11.15-03.49.28:357][620]OBJ SavePackage: Finished generating thumbnails for package [/Game/ThirdPersonBP/Blueprints/PullPushTest]
[2018.11.15-03.49.28:376][620]LogSavePackage: Moving '../../../../../../Users/u1218942/Documents/GitHub/Team8TartsDragging/MyProject/Saved/PullPushTest_Auto1AAD8C72C4893062E216D5E9DD341F80E.tmp' to '../../../../../../Users/u1218942/Documents/GitHub/Team8TartsDragging/MyProject/Saved/Autosaves/Game/ThirdPersonBP/Blueprints/PullPushTest_Auto1.uasset'
[2018.11.15-03.49.28:377][620]LogFileHelpers: Auto-saving content packages took 0.022
[2018.11.15-03.50.23:979][288]BlueprintLog: New page: Compile PullPushTest
[2018.11.15-03.53.03:992][ 28]LogSavePackage: Moving '../../../../../../Users/u1218942/Documents/GitHub/Team8TartsDragging/MyProject/Saved/PullPushTest266435B5462CE492D82F7E8040F685EB.tmp' to '../../../../../../Users/u1218942/Documents/GitHub/Team8TartsDragging/MyProject/Content/ThirdPersonBP/Blueprints/PullPushTest.uasset'
[2018.11.15-03.53.43:937][640]BlueprintLog: New page: Compile PullPushTest
[2018.11.15-03.53.43:942][640]LogBlueprint: Error: [Compiler PullPushTest] This blueprint (self) is not a CharacterMovementComponent, therefore ' Target ' must have a connection.
[2018.11.15-03.53.43:942][640]LogBlueprint: Error: [Compiler PullPushTest] This blueprint (self) is not a CharacterMovementComponent, therefore ' Target ' must have a connection.
[2018.11.15-03.53.43:942][640]LogBlueprint: Error: [Compiler PullPushTest] Variable node  Set MaxWalkSpeed  uses an invalid target.  It may depend on a node that is not connected to the execution chain, and got purged.
[2018.11.15-03.53.43:942][640]LogBlueprint: Error: [Compiler PullPushTest] Variable node  Set MaxWalkSpeed  uses an invalid target.  It may depend on a node that is not connected to the execution chain, and got purged.
[2018.11.15-03.53.44:065][640]LogBlueprint: Warning: [Compiler PullPushTest] [0868.90] Compile of PullPushTest failed. 4 Fatal Issue(s) 0 Warning(s) [in 127 ms] (/Game/ThirdPersonBP/Blueprints/PullPushTest.PullPushTest)
[2018.11.15-03.56.26:563][525]BlueprintLog: New page: Compile PullPushTest
[2018.11.15-03.58.03:529][754]LogEditorTransaction: Undo Move Node
[2018.11.15-03.58.03:928][792]LogEditorTransaction: Undo Move Node
[2018.11.15-03.58.04:715][882]LogEditorTransaction: Undo Add Node
[2018.11.15-03.59.26:505][401]LogEditorTransaction: Undo Move Node
[2018.11.15-03.59.26:807][429]LogEditorTransaction: Undo Add Node
[2018.11.15-03.59.27:175][466]LogEditorTransaction: Undo Move Nodes
[2018.11.15-03.59.27:846][542]LogEditorTransaction: Undo Move Nodes
[2018.11.15-03.59.28:282][592]LogEditorTransaction: Undo Add Node
[2018.11.15-03.59.28:752][646]LogEditorTransaction: Undo Move Node
[2018.11.15-04.00.33:059][ 57]LogAssetEditorManager: Opening Asset editor for Blueprint /Game/ThirdPersonBP/Blueprints/ThirdPersonCharacter.ThirdPersonCharacter
[2018.11.15-04.01.54:619][ 46]BlueprintLog: New page: Compile ThirdPersonCharacter
[2018.11.15-04.01.56:264][165]LogSavePackage: Moving '../../../../../../Users/u1218942/Documents/GitHub/Team8TartsDragging/MyProject/Saved/ThirdPersonCharacterF9F459384D20B3F1EBFEB593414F45FD.tmp' to '../../../../../../Users/u1218942/Documents/GitHub/Team8TartsDragging/MyProject/Content/ThirdPersonBP/Blueprints/ThirdPersonCharacter.uasset'
[2018.11.15-04.02.32:478][454]BlueprintLog: New page: Compile ThirdPersonCharacter
[2018.11.15-04.02.33:407][501]LogSavePackage: Moving '../../../../../../Users/u1218942/Documents/GitHub/Team8TartsDragging/MyProject/Saved/ThirdPersonCharacter3CA1C15D496013DDB382C88401D31F50.tmp' to '../../../../../../Users/u1218942/Documents/GitHub/Team8TartsDragging/MyProject/Content/ThirdPersonBP/Blueprints/ThirdPersonCharacter.uasset'
[2018.11.15-04.02.36:506][733]LogTemp: Repeating last play command: Selected Viewport
[2018.11.15-04.02.36:557][733]LogBlueprintUserMessages: Early PlayInEditor Detection: Level '/Game/ThirdPersonBP/Maps/ThirdPersonExampleMap.ThirdPersonExampleMap:PersistentLevel' has LevelScriptBlueprint '/Game/ThirdPersonBP/Maps/ThirdPersonExampleMap.ThirdPersonExampleMap:PersistentLevel.ThirdPersonExampleMap' with GeneratedClass '/Game/ThirdPersonBP/Maps/ThirdPersonExampleMap.ThirdPersonExampleMap_C' with ClassGeneratedBy '/Game/ThirdPersonBP/Maps/ThirdPersonExampleMap.ThirdPersonExampleMap:PersistentLevel.ThirdPersonExampleMap'
[2018.11.15-04.02.36:557][733]BlueprintLog: New page: Pre-Play auto-recompile
[2018.11.15-04.02.36:558][733]LogPlayLevel: [PlayLevel] Compiling PullPushTest before play...
[2018.11.15-04.02.36:688][733]LogPlayLevel: PlayLevel: Blueprint regeneration took 130 ms (1 blueprints)
[2018.11.15-04.02.36:700][733]PIE: New page: PIE session: ThirdPersonExampleMap (Nov 14, 2018, 2:02:36 PM)
[2018.11.15-04.02.36:700][733]LogPlayLevel: Creating play world package: /Game/ThirdPersonBP/Maps/UEDPIE_0_ThirdPersonExampleMap
[2018.11.15-04.02.36:731][733]LogPlayLevel: PIE: StaticDuplicateObject took: (0.030401s)
[2018.11.15-04.02.36:731][733]LogAIModule: Creating AISystem for world ThirdPersonExampleMap
[2018.11.15-04.02.36:732][733]LogPlayLevel: PIE: World Init took: (0.000901s)
[2018.11.15-04.02.36:732][733]LogPlayLevel: PIE: Created PIE world by copying editor world from /Game/ThirdPersonBP/Maps/ThirdPersonExampleMap.ThirdPersonExampleMap to /Game/ThirdPersonBP/Maps/UEDPIE_0_ThirdPersonExampleMap.ThirdPersonExampleMap (0.031483s)
[2018.11.15-04.02.36:784][733]LogInit: XAudio2 using 'Headphones (3- High Definition Audio Device)' : 2 channels at 48 kHz using 16 bits per sample (channel mask 0x3)
[2018.11.15-04.02.36:798][733]LogInit: FAudioDevice initialized.
[2018.11.15-04.02.36:841][733]LogLoad: Game class is 'ThirdPersonGameMode_C'
[2018.11.15-04.02.36:844][733]LogWorld: Bringing World /Game/ThirdPersonBP/Maps/UEDPIE_0_ThirdPersonExampleMap.ThirdPersonExampleMap up for play (max tick rate 0) at 2018.11.14-21.02.36
[2018.11.15-04.02.36:844][733]LogWorld: Bringing up level for play took: 0.001714
[2018.11.15-04.02.36:871][733]LogContentBrowser: Native class hierarchy updated for 'MovieSceneCapture' in 0.0003 seconds. Added 10 classes and 0 folders.
[2018.11.15-04.02.36:871][733]PIE: Play in editor start time for /Game/ThirdPersonBP/Maps/UEDPIE_0_ThirdPersonExampleMap -0.216
[2018.11.15-04.02.36:872][733]LogBlueprintUserMessages: Late PlayInEditor Detection: Level '/Game/ThirdPersonBP/Maps/ThirdPersonExampleMap.ThirdPersonExampleMap:PersistentLevel' has LevelScriptBlueprint '/Game/ThirdPersonBP/Maps/ThirdPersonExampleMap.ThirdPersonExampleMap:PersistentLevel.ThirdPersonExampleMap' with GeneratedClass '/Game/ThirdPersonBP/Maps/ThirdPersonExampleMap.ThirdPersonExampleMap_C' with ClassGeneratedBy '/Game/ThirdPersonBP/Maps/ThirdPersonExampleMap.ThirdPersonExampleMap:PersistentLevel.ThirdPersonExampleMap'
[2018.11.15-04.02.43:052][319]LogSlate: Updating window title bar state: overlay mode, drag disabled, window buttons hidden, title bar hidden
[2018.11.15-04.02.58:820][882]LogBlueprintUserMessages: Early EndPlayMap Detection: Level '/Game/ThirdPersonBP/Maps/ThirdPersonExampleMap.ThirdPersonExampleMap:PersistentLevel' has LevelScriptBlueprint '/Game/ThirdPersonBP/Maps/ThirdPersonExampleMap.ThirdPersonExampleMap:PersistentLevel.ThirdPersonExampleMap' with GeneratedClass '/Game/ThirdPersonBP/Maps/ThirdPersonExampleMap.ThirdPersonExampleMap_C' with ClassGeneratedBy '/Game/ThirdPersonBP/Maps/ThirdPersonExampleMap.ThirdPersonExampleMap:PersistentLevel.ThirdPersonExampleMap'
[2018.11.15-04.02.58:820][882]LogSlate: Updating window title bar state: overlay mode, drag disabled, window buttons hidden, title bar hidden
[2018.11.15-04.02.58:884][882]LogPlayLevel: Display: Shutting down PIE online subsystems
[2018.11.15-04.02.58:884][882]LogBlueprintUserMessages: Late EndPlayMap Detection: Level '/Game/ThirdPersonBP/Maps/ThirdPersonExampleMap.ThirdPersonExampleMap:PersistentLevel' has LevelScriptBlueprint '/Game/ThirdPersonBP/Maps/ThirdPersonExampleMap.ThirdPersonExampleMap:PersistentLevel.ThirdPersonExampleMap' with GeneratedClass '/Game/ThirdPersonBP/Maps/ThirdPersonExampleMap.ThirdPersonExampleMap_C' with ClassGeneratedBy '/Game/ThirdPersonBP/Maps/ThirdPersonExampleMap.ThirdPersonExampleMap:PersistentLevel.ThirdPersonExampleMap'
[2018.11.15-04.02.58:910][882]LogSlate: Updating window title bar state: overlay mode, drag disabled, window buttons hidden, title bar hidden
[2018.11.15-04.02.59:027][883]LogPlayLevel: Display: Destroying online subsystem :Context_5
[2018.11.15-04.03.02:732][129]LogSlate: FSceneViewport::OnFocusLost() reason 0
[2018.11.15-04.03.38:812][742]LogSavePackage: Moving '../../../../../../Users/u1218942/Documents/GitHub/Team8TartsDragging/MyProject/Saved/ThirdPersonExampleMap_Auto2A21BAC914F50969FC6996D98E2CC1749.tmp' to '../../../../../../Users/u1218942/Documents/GitHub/Team8TartsDragging/MyProject/Saved/Autosaves/Game/ThirdPersonBP/Maps/ThirdPersonExampleMap_Auto2.umap'
[2018.11.15-04.03.38:823][742]LogFileHelpers: Editor autosave (incl. sublevels) for '/Game/ThirdPersonBP/Maps/ThirdPersonExampleMap' took 0.205
[2018.11.15-04.03.38:823][742]LogFileHelpers: Editor autosave (incl. sublevels) for all levels took 0.205
[2018.11.15-04.03.38:825][742]OBJ SavePackage: Generating thumbnails for [1] asset(s) in package [/Game/ThirdPersonBP/Blueprints/ThirdPersonCharacter] ([1] browsable assets)...
[2018.11.15-04.03.38:836][742]OBJ SavePackage:     Rendered thumbnail for [Blueprint /Game/ThirdPersonBP/Blueprints/ThirdPersonCharacter.ThirdPersonCharacter]
[2018.11.15-04.03.38:836][742]OBJ SavePackage: Finished generating thumbnails for package [/Game/ThirdPersonBP/Blueprints/ThirdPersonCharacter]
[2018.11.15-04.03.38:930][742]LogSavePackage: Moving '../../../../../../Users/u1218942/Documents/GitHub/Team8TartsDragging/MyProject/Saved/ThirdPersonCharacter_Auto2C3EA8DFF44677E8DE7F44A995CC02BB5.tmp' to '../../../../../../Users/u1218942/Documents/GitHub/Team8TartsDragging/MyProject/Saved/Autosaves/Game/ThirdPersonBP/Blueprints/ThirdPersonCharacter_Auto2.uasset'
[2018.11.15-04.03.38:933][742]OBJ SavePackage: Generating thumbnails for [0] asset(s) in package [/Game/ThirdPersonBP/Blueprints/PullPushTest] ([1] browsable assets)...
[2018.11.15-04.03.38:933][742]OBJ SavePackage: Finished generating thumbnails for package [/Game/ThirdPersonBP/Blueprints/PullPushTest]
[2018.11.15-04.03.38:952][742]LogSavePackage: Moving '../../../../../../Users/u1218942/Documents/GitHub/Team8TartsDragging/MyProject/Saved/PullPushTest_Auto2E763B8D043949FB6C8920ABF5EABD942.tmp' to '../../../../../../Users/u1218942/Documents/GitHub/Team8TartsDragging/MyProject/Saved/Autosaves/Game/ThirdPersonBP/Blueprints/PullPushTest_Auto2.uasset'
[2018.11.15-04.03.38:954][742]LogFileHelpers: Auto-saving content packages took 0.130
[2018.11.15-04.03.39:775][819]LogSlate: FSceneViewport::OnFocusLost() reason 0
[2018.11.15-04.03.42:123][ 46]BlueprintLog: New page: Compile ThirdPersonCharacter
[2018.11.15-04.04.36:274][128]BlueprintLog: New page: Compile ThirdPersonCharacter
[2018.11.15-04.04.40:769][344]LogTemp: Repeating last play command: Selected Viewport
[2018.11.15-04.04.40:818][344]LogBlueprintUserMessages: Early PlayInEditor Detection: Level '/Game/ThirdPersonBP/Maps/ThirdPersonExampleMap.ThirdPersonExampleMap:PersistentLevel' has LevelScriptBlueprint '/Game/ThirdPersonBP/Maps/ThirdPersonExampleMap.ThirdPersonExampleMap:PersistentLevel.ThirdPersonExampleMap' with GeneratedClass '/Game/ThirdPersonBP/Maps/ThirdPersonExampleMap.ThirdPersonExampleMap_C' with ClassGeneratedBy '/Game/ThirdPersonBP/Maps/ThirdPersonExampleMap.ThirdPersonExampleMap:PersistentLevel.ThirdPersonExampleMap'
[2018.11.15-04.04.40:819][344]LogPlayLevel: PlayLevel: No blueprints needed recompiling
[2018.11.15-04.04.40:819][344]PIE: New page: PIE session: ThirdPersonExampleMap (Nov 14, 2018, 2:04:40 PM)
[2018.11.15-04.04.40:819][344]LogPlayLevel: Creating play world package: /Game/ThirdPersonBP/Maps/UEDPIE_0_ThirdPersonExampleMap
[2018.11.15-04.04.40:835][344]LogPlayLevel: PIE: StaticDuplicateObject took: (0.016085s)
[2018.11.15-04.04.40:836][344]LogAIModule: Creating AISystem for world ThirdPersonExampleMap
[2018.11.15-04.04.40:836][344]LogPlayLevel: PIE: World Init took: (0.000829s)
[2018.11.15-04.04.40:836][344]LogPlayLevel: PIE: Created PIE world by copying editor world from /Game/ThirdPersonBP/Maps/ThirdPersonExampleMap.ThirdPersonExampleMap to /Game/ThirdPersonBP/Maps/UEDPIE_0_ThirdPersonExampleMap.ThirdPersonExampleMap (0.017059s)
[2018.11.15-04.04.40:888][344]LogInit: XAudio2 using 'Headphones (3- High Definition Audio Device)' : 2 channels at 48 kHz using 16 bits per sample (channel mask 0x3)
[2018.11.15-04.04.40:900][344]LogInit: FAudioDevice initialized.
[2018.11.15-04.04.40:929][344]LogLoad: Game class is 'ThirdPersonGameMode_C'
[2018.11.15-04.04.40:930][344]LogWorld: Bringing World /Game/ThirdPersonBP/Maps/UEDPIE_0_ThirdPersonExampleMap.ThirdPersonExampleMap up for play (max tick rate 0) at 2018.11.14-21.04.40
[2018.11.15-04.04.40:931][344]LogWorld: Bringing up level for play took: 0.001528
[2018.11.15-04.04.40:943][344]PIE: Play in editor start time for /Game/ThirdPersonBP/Maps/UEDPIE_0_ThirdPersonExampleMap -0.143
[2018.11.15-04.04.40:943][344]LogBlueprintUserMessages: Late PlayInEditor Detection: Level '/Game/ThirdPersonBP/Maps/ThirdPersonExampleMap.ThirdPersonExampleMap:PersistentLevel' has LevelScriptBlueprint '/Game/ThirdPersonBP/Maps/ThirdPersonExampleMap.ThirdPersonExampleMap:PersistentLevel.ThirdPersonExampleMap' with GeneratedClass '/Game/ThirdPersonBP/Maps/ThirdPersonExampleMap.ThirdPersonExampleMap_C' with ClassGeneratedBy '/Game/ThirdPersonBP/Maps/ThirdPersonExampleMap.ThirdPersonExampleMap:PersistentLevel.ThirdPersonExampleMap'
[2018.11.15-04.04.43:421][587]LogSlate: Updating window title bar state: overlay mode, drag disabled, window buttons hidden, title bar hidden
[2018.11.15-04.04.49:949][220]LogBlueprintUserMessages: Early EndPlayMap Detection: Level '/Game/ThirdPersonBP/Maps/ThirdPersonExampleMap.ThirdPersonExampleMap:PersistentLevel' has LevelScriptBlueprint '/Game/ThirdPersonBP/Maps/ThirdPersonExampleMap.ThirdPersonExampleMap:PersistentLevel.ThirdPersonExampleMap' with GeneratedClass '/Game/ThirdPersonBP/Maps/ThirdPersonExampleMap.ThirdPersonExampleMap_C' with ClassGeneratedBy '/Game/ThirdPersonBP/Maps/ThirdPersonExampleMap.ThirdPersonExampleMap:PersistentLevel.ThirdPersonExampleMap'
[2018.11.15-04.04.49:949][220]LogSlate: Updating window title bar state: overlay mode, drag disabled, window buttons hidden, title bar hidden
[2018.11.15-04.04.50:013][220]LogPlayLevel: Display: Shutting down PIE online subsystems
[2018.11.15-04.04.50:014][220]LogBlueprintUserMessages: Late EndPlayMap Detection: Level '/Game/ThirdPersonBP/Maps/ThirdPersonExampleMap.ThirdPersonExampleMap:PersistentLevel' has LevelScriptBlueprint '/Game/ThirdPersonBP/Maps/ThirdPersonExampleMap.ThirdPersonExampleMap:PersistentLevel.ThirdPersonExampleMap' with GeneratedClass '/Game/ThirdPersonBP/Maps/ThirdPersonExampleMap.ThirdPersonExampleMap_C' with ClassGeneratedBy '/Game/ThirdPersonBP/Maps/ThirdPersonExampleMap.ThirdPersonExampleMap:PersistentLevel.ThirdPersonExampleMap'
[2018.11.15-04.04.50:039][220]LogSlate: Updating window title bar state: overlay mode, drag disabled, window buttons hidden, title bar hidden
[2018.11.15-04.04.50:157][221]LogPlayLevel: Display: Destroying online subsystem :Context_6
[2018.11.15-04.04.53:590][474]LogSlate: FSceneViewport::OnFocusLost() reason 0
[2018.11.15-04.04.53:650][480]LogSlate: Window 'ThirdPersonCharacter*' being destroyed
[2018.11.15-04.04.53:654][480]LogSlate: Window 'ThirdPersonCharacter*' being destroyed
[2018.11.15-04.04.53:733][480]LogActorComponent: UnregisterComponent: (/Engine/Transient.EditorFloorComp) Not registered. Aborting.
[2018.11.15-04.04.54:415][549]LogSlate: FSceneViewport::OnFocusLost() reason 0
[2018.11.15-04.04.55:662][556]LogSlate: Window 'Save Content' being destroyed
[2018.11.15-04.04.55:700][556]LogSavePackage: Moving '../../../../../../Users/u1218942/Documents/GitHub/Team8TartsDragging/MyProject/Saved/PullPushTestA7AD59374F324DF94B385DB7E6BBDC26.tmp' to '../../../../../../Users/u1218942/Documents/GitHub/Team8TartsDragging/MyProject/Content/ThirdPersonBP/Blueprints/PullPushTest.uasset'
[2018.11.15-04.04.55:822][556]LogSavePackage: Moving '../../../../../../Users/u1218942/Documents/GitHub/Team8TartsDragging/MyProject/Saved/ThirdPersonCharacter1683A9F24FA8112672D083B44B6AED6D.tmp' to '../../../../../../Users/u1218942/Documents/GitHub/Team8TartsDragging/MyProject/Content/ThirdPersonBP/Blueprints/ThirdPersonCharacter.uasset'
[2018.11.15-04.04.56:125][556]LogSavePackage: Moving '../../../../../../Users/u1218942/Documents/GitHub/Team8TartsDragging/MyProject/Saved/ThirdPersonExampleMapE45D2DAA4B5C49BD41E3999B308327D8.tmp' to '../../../../../../Users/u1218942/Documents/GitHub/Team8TartsDragging/MyProject/Content/ThirdPersonBP/Maps/ThirdPersonExampleMap.umap'
[2018.11.15-04.04.56:159][556]LogFileHelpers: Saving map 'ThirdPersonExampleMap' took 0.325
[2018.11.15-04.04.56:240][556]LogSlate: Window 'MyProject - Unreal Editor' being destroyed
[2018.11.15-04.04.56:241][556]LogWindowsTextInputMethodSystem: Display: IME system now deactivated.
[2018.11.15-04.04.56:424][557]Cmd: QUIT_EDITOR
[2018.11.15-04.04.56:471][557]LogExit: Preparing to exit.
[2018.11.15-04.04.57:221][557]LogExit: Editor shut down
[2018.11.15-04.04.57:221][557]LogExit: Transaction tracking system shut down
[2018.11.15-04.04.57:483][557]LogExit: Object subsystem successfully closed.
[2018.11.15-04.04.57:505][557]LogShaderCompilers: Display: Shaders left to compile 0
[2018.11.15-04.04.57:509][557]LogD3D11RHI: Shutdown
[2018.11.15-04.04.57:509][557]LogD3D11RHI: CleanupD3DDevice
[2018.11.15-04.04.57:511][557]LogD3D11RHI: ~FD3D11DynamicRHI
[2018.11.15-04.04.57:539][557]LogModuleManager: Shutting down and abandoning module MovieSceneCapture (620)
[2018.11.15-04.04.57:539][557]LogModuleManager: Shutting down and abandoning module Voice (618)
[2018.11.15-04.04.57:539][557]LogModuleManager: Shutting down and abandoning module BlueprintGraph (616)
[2018.11.15-04.04.57:539][557]LogModuleManager: Shutting down and abandoning module HierarchicalLODOutliner (614)
[2018.11.15-04.04.57:539][557]LogModuleManager: Shutting down and abandoning module SceneOutliner (612)
[2018.11.15-04.04.57:539][557]LogModuleManager: Shutting down and abandoning module AddContentDialog (610)
[2018.11.15-04.04.57:544][557]LogModuleManager: Shutting down and abandoning module WidgetCarousel (609)
[2018.11.15-04.04.57:544][557]LogModuleManager: Shutting down and abandoning module EditorWidgets (606)
[2018.11.15-04.04.57:544][557]LogModuleManager: Shutting down and abandoning module CollectionManager (604)
[2018.11.15-04.04.57:545][557]LogModuleManager: Shutting down and abandoning module StatsViewer (602)
[2018.11.15-04.04.57:545][557]LogModuleManager: Shutting down and abandoning module FoliageEdit (600)
[2018.11.15-04.04.57:545][557]LogModuleManager: Shutting down and abandoning module LandscapeEditor (598)
[2018.11.15-04.04.57:545][557]LogModuleManager: Shutting down and abandoning module MeshPaintMode (596)
[2018.11.15-04.04.57:545][557]LogModuleManager: Shutting down and abandoning module SceneDepthPickerMode (594)
[2018.11.15-04.04.57:545][557]LogModuleManager: Shutting down and abandoning module ActorPickerMode (592)
[2018.11.15-04.04.57:545][557]LogModuleManager: Shutting down and abandoning module GeometryMode (590)
[2018.11.15-04.04.57:545][557]LogModuleManager: Shutting down and abandoning module TextureAlignMode (588)
[2018.11.15-04.04.57:545][557]LogModuleManager: Shutting down and abandoning module BspMode (586)
[2018.11.15-04.04.57:545][557]LogModuleManager: Shutting down and abandoning module PIEPreviewDeviceProfileSelector (584)
[2018.11.15-04.04.57:545][557]LogModuleManager: Shutting down and abandoning module SequenceRecorderSections (582)
[2018.11.15-04.04.57:545][557]LogModuleManager: Shutting down and abandoning module AutomationWorker (580)
[2018.11.15-04.04.57:545][557]LogModuleManager: Shutting down and abandoning module AudioCaptureEditor (578)
[2018.11.15-04.04.57:545][557]LogModuleManager: Shutting down and abandoning module SequenceRecorder (577)
[2018.11.15-04.04.57:545][557]LogModuleManager: Shutting down and abandoning module MatineeToLevelSequence (574)
[2018.11.15-04.04.57:545][557]LogModuleManager: Shutting down and abandoning module LevelSequenceEditor (572)
[2018.11.15-04.04.57:545][557]LogModuleManager: Shutting down and abandoning module PlacementMode (571)
[2018.11.15-04.04.57:545][557]LogModuleManager: Shutting down and abandoning module MaterialEditor (570)
[2018.11.15-04.04.57:545][557]LogModuleManager: Shutting down and abandoning module WmfMediaFactory (566)
[2018.11.15-04.04.57:545][557]LogModuleManager: Shutting down and abandoning module WmfMediaEditor (564)
[2018.11.15-04.04.57:545][557]LogModuleManager: Shutting down and abandoning module MediaPlayerEditor (562)
[2018.11.15-04.04.57:545][557]LogModuleManager: Shutting down and abandoning module OpenExrWrapper (560)
[2018.11.15-04.04.57:545][557]LogModuleManager: Shutting down and abandoning module ImgMediaFactory (558)
[2018.11.15-04.04.57:545][557]LogModuleManager: Shutting down and abandoning module ImgMediaEditor (556)
[2018.11.15-04.04.57:545][557]LogModuleManager: Shutting down and abandoning module AvfMediaFactory (554)
[2018.11.15-04.04.57:545][557]LogModuleManager: Shutting down and abandoning module AvfMediaEditor (552)
[2018.11.15-04.04.57:545][557]LogModuleManager: Shutting down and abandoning module AndroidMediaFactory (550)
[2018.11.15-04.04.57:545][557]LogModuleManager: Shutting down and abandoning module AndroidMediaEditor (548)
[2018.11.15-04.04.57:545][557]LogModuleManager: Shutting down and abandoning module MagicLeapCameraPreviewFactory (546)
[2018.11.15-04.04.57:545][557]LogModuleManager: Shutting down and abandoning module MagicLeapMediaFactory (544)
[2018.11.15-04.04.57:546][557]LogModuleManager: Shutting down and abandoning module MagicLeapMediaEditor (542)
[2018.11.15-04.04.57:546][557]LogModuleManager: Shutting down and abandoning module CharacterAI (540)
[2018.11.15-04.04.57:546][557]LogModuleManager: Shutting down and abandoning module SmartSnapping (538)
[2018.11.15-04.04.57:546][557]LogModuleManager: Shutting down and abandoning module SessionServices (536)
[2018.11.15-04.04.57:546][557]LogModuleManager: Shutting down and abandoning module ViewportSnapping (534)
[2018.11.15-04.04.57:546][557]LogModuleManager: Shutting down and abandoning module ViewportInteraction (532)
[2018.11.15-04.04.57:546][557]LogModuleManager: Shutting down and abandoning module ClothPainter (530)
[2018.11.15-04.04.57:546][557]LogModuleManager: Shutting down and abandoning module SkeletalMeshEditor (529)
[2018.11.15-04.04.57:546][557]LogModuleManager: Shutting down and abandoning module LogVisualizer (526)
[2018.11.15-04.04.57:546][557]LogModuleManager: Shutting down and abandoning module IntroTutorials (524)
[2018.11.15-04.04.57:546][557]LogModuleManager: Shutting down and abandoning module GameProjectGeneration (523)
[2018.11.15-04.04.57:546][557]LogModuleManager: Shutting down and abandoning module LuminPlatformEditor (520)
[2018.11.15-04.04.57:546][557]LogModuleManager: Shutting down and abandoning module IOSPlatformEditor (518)
[2018.11.15-04.04.57:546][557]LogModuleManager: Shutting down and abandoning module HTML5PlatformEditor (516)
[2018.11.15-04.04.57:546][557]LogModuleManager: Shutting down and abandoning module AndroidPlatformEditor (514)
[2018.11.15-04.04.57:546][557]LogModuleManager: Shutting down and abandoning module AndroidDeviceDetection (513)
[2018.11.15-04.04.58:503][557]LogModuleManager: Shutting down and abandoning module WindowsPlatformEditor (510)
[2018.11.15-04.04.58:503][557]LogModuleManager: Shutting down and abandoning module LuminRuntimeSettings (508)
[2018.11.15-04.04.58:503][557]LogModuleManager: Shutting down and abandoning module IOSRuntimeSettings (506)
[2018.11.15-04.04.58:503][557]LogModuleManager: Shutting down and abandoning module AndroidRuntimeSettings (504)
[2018.11.15-04.04.58:503][557]LogModuleManager: Shutting down and abandoning module InputBindingEditor (502)
[2018.11.15-04.04.58:503][557]LogModuleManager: Shutting down and abandoning module MergeActors (500)
[2018.11.15-04.04.58:503][557]LogModuleManager: Shutting down and abandoning module LocalizationDashboard (498)
[2018.11.15-04.04.58:503][557]LogModuleManager: Shutting down and abandoning module LocalizationService (497)
[2018.11.15-04.04.58:504][557]LogModuleManager: Shutting down and abandoning module HardwareTargeting (494)
[2018.11.15-04.04.58:504][557]LogModuleManager: Shutting down and abandoning module DeviceProfileEditor (492)
[2018.11.15-04.04.58:504][557]LogModuleManager: Shutting down and abandoning module UndoHistory (490)
[2018.11.15-04.04.58:504][557]LogModuleManager: Shutting down and abandoning module XmlParser (488)
[2018.11.15-04.04.58:504][557]LogModuleManager: Shutting down and abandoning module Blutility (486)
[2018.11.15-04.04.58:504][557]LogModuleManager: Shutting down and abandoning module ProjectSettingsViewer (484)
[2018.11.15-04.04.58:504][557]LogModuleManager: Shutting down and abandoning module ProjectTargetPlatformEditor (483)
[2018.11.15-04.04.58:504][557]LogModuleManager: Shutting down and abandoning module EditorSettingsViewer (480)
[2018.11.15-04.04.58:504][557]LogModuleManager: Shutting down and abandoning module SettingsEditor (478)
[2018.11.15-04.04.58:504][557]LogModuleManager: Shutting down and abandoning module ProjectLauncher (476)
[2018.11.15-04.04.58:504][557]LogModuleManager: Shutting down and abandoning module SessionFrontend (474)
[2018.11.15-04.04.58:504][557]LogModuleManager: Shutting down and abandoning module ProfilerClient (472)
[2018.11.15-04.04.58:504][557]LogModuleManager: Shutting down and abandoning module DeviceManager (470)
[2018.11.15-04.04.58:504][557]LogModuleManager: Shutting down and abandoning module TargetDeviceServices (469)
[2018.11.15-04.04.58:570][557]LogModuleManager: Shutting down and abandoning module AutomationController (466)
[2018.11.15-04.04.58:570][557]LogModuleManager: Shutting down and abandoning module AutomationWindow (464)
[2018.11.15-04.04.58:570][557]LogModuleManager: Shutting down and abandoning module Layers (462)
[2018.11.15-04.04.58:570][557]LogModuleManager: Shutting down and abandoning module ComponentVisualizers (460)
[2018.11.15-04.04.58:570][557]LogModuleManager: Shutting down and abandoning module DetailCustomizations (458)
[2018.11.15-04.04.58:570][557]LogModuleManager: Shutting down and abandoning module PackagesDialog (456)
[2018.11.15-04.04.58:570][557]LogModuleManager: Shutting down and abandoning module Persona (454)
[2018.11.15-04.04.58:570][557]LogModuleManager: Shutting down and abandoning module AdvancedPreviewScene (453)
[2018.11.15-04.04.58:570][557]LogModuleManager: Shutting down and abandoning module AnimGraph (451)
[2018.11.15-04.04.58:570][557]LogModuleManager: Shutting down and abandoning module Kismet (448)
[2018.11.15-04.04.58:575][557]LogModuleManager: Shutting down and abandoning module GraphEditor (446)
[2018.11.15-04.04.58:575][557]LogModuleManager: Shutting down and abandoning module ClassViewer (444)
[2018.11.15-04.04.58:576][557]LogModuleManager: Shutting down and abandoning module Toolbox (442)
[2018.11.15-04.04.58:576][557]LogModuleManager: Shutting down and abandoning module ModuleUI (440)
[2018.11.15-04.04.58:576][557]LogModuleManager: Shutting down and abandoning module MovieSceneTools (438)
[2018.11.15-04.04.58:576][557]LogModuleManager: Shutting down and abandoning module OutputLog (436)
[2018.11.15-04.04.58:576][557]LogModuleManager: Shutting down and abandoning module GammaUI (434)
[2018.11.15-04.04.58:576][557]LogModuleManager: Shutting down and abandoning module Documentation (432)
[2018.11.15-04.04.58:576][557]LogModuleManager: Shutting down and abandoning module MovieSceneTracks (430)
[2018.11.15-04.04.58:576][557]LogModuleManager: Shutting down and abandoning module MovieScene (428)
[2018.11.15-04.04.58:576][557]LogModuleManager: Shutting down and abandoning module StreamingPauseRendering (426)
[2018.11.15-04.04.58:576][557]LogModuleManager: Shutting down and abandoning module LauncherPlatform (424)
[2018.11.15-04.04.58:576][557]LogModuleManager: Shutting down and abandoning module AnalyticsET (422)
[2018.11.15-04.04.58:576][557]LogModuleManager: Shutting down and abandoning module PortalServices (420)
[2018.11.15-04.04.58:576][557]LogModuleManager: Shutting down and abandoning module PortalRpc (418)
[2018.11.15-04.04.58:576][557]LogModuleManager: Shutting down and abandoning module MessagingRpc (416)
[2018.11.15-04.04.58:576][557]LogModuleManager: Shutting down and abandoning module AIModule (414)
[2018.11.15-04.04.58:576][557]LogModuleManager: Shutting down and abandoning module GameplayDebugger (413)
[2018.11.15-04.04.58:576][557]LogModuleManager: Shutting down and abandoning module AITestSuite (411)
[2018.11.15-04.04.58:576][557]LogModuleManager: Shutting down and abandoning module NavigationSystem (409)
[2018.11.15-04.04.58:576][557]LogModuleManager: Shutting down and abandoning module DesktopPlatform (406)
[2018.11.15-04.04.58:576][557]LogModuleManager: Shutting down and abandoning module ProfilerService (404)
[2018.11.15-04.04.58:826][557]LogModuleManager: Shutting down and abandoning module TaskGraph (402)
[2018.11.15-04.04.58:826][557]LogModuleManager: Shutting down and abandoning module SteamVRController (400)
[2018.11.15-04.04.58:827][557]LogModuleManager: Shutting down and abandoning module ProceduralMeshComponentEditor (398)
[2018.11.15-04.04.58:827][557]LogModuleManager: Shutting down and abandoning module ProceduralMeshComponent (396)
[2018.11.15-04.04.58:827][557]LogModuleManager: Shutting down and abandoning module OculusInput (394)
[2018.11.15-04.04.58:827][557]LogModuleManager: Shutting down and abandoning module MobilePatchingUtils (392)
[2018.11.15-04.04.58:827][557]LogModuleManager: Shutting down and abandoning module EditableMesh (390)
[2018.11.15-04.04.58:827][557]LogModuleManager: Shutting down and abandoning module CustomMeshComponent (388)
[2018.11.15-04.04.58:827][557]LogModuleManager: Shutting down and abandoning module CableComponent (386)
[2018.11.15-04.04.58:827][557]LogModuleManager: Shutting down and abandoning module AudioCapture (384)
[2018.11.15-04.04.58:827][557]LogModuleManager: Shutting down and abandoning module ArchVisCharacter (382)
[2018.11.15-04.04.58:827][557]LogModuleManager: Shutting down and abandoning module AndroidPermission (380)
[2018.11.15-04.04.58:827][557]LogModuleManager: Shutting down and abandoning module NUTUnrealEngine4 (378)
[2018.11.15-04.04.58:827][557]LogModuleManager: Shutting down and abandoning module NetcodeUnitTest (376)
[2018.11.15-04.04.58:827][557]LogModuleManager: Shutting down and abandoning module MediaCompositingEditor (374)
[2018.11.15-04.04.58:827][557]LogModuleManager: Shutting down and abandoning module MediaCompositing (372)
[2018.11.15-04.04.58:827][557]LogModuleManager: Shutting down and abandoning module LinearTimecode (370)
[2018.11.15-04.04.58:827][557]LogModuleManager: Shutting down and abandoning module ImgMedia (368)
[2018.11.15-04.04.58:830][557]LogModuleManager: Shutting down and abandoning module HTML5Networking (366)
[2018.11.15-04.04.58:830][557]LogModuleManager: Shutting down and abandoning module GeometryCacheTracks (364)
[2018.11.15-04.04.58:830][557]LogModuleManager: Shutting down and abandoning module GeometryCacheSequencer (362)
[2018.11.15-04.04.58:830][557]LogModuleManager: Shutting down and abandoning module BackChannel (360)
[2018.11.15-04.04.58:830][557]LogModuleManager: Shutting down and abandoning module AppleVision (358)
[2018.11.15-04.04.58:830][557]LogModuleManager: Shutting down and abandoning module AppleImageUtils (356)
[2018.11.15-04.04.58:831][557]LogModuleManager: Shutting down and abandoning module AlembicImporter (354)
[2018.11.15-04.04.58:831][557]LogModuleManager: Shutting down and abandoning module AlembicLibrary (353)
[2018.11.15-04.04.58:831][557]LogModuleManager: Shutting down and abandoning module GeometryCache (352)
[2018.11.15-04.04.58:831][557]LogModuleManager: Shutting down and abandoning module GeometryCacheEd (351)
[2018.11.15-04.04.58:831][557]LogModuleManager: Shutting down and abandoning module DatasmithContentEditor (346)
[2018.11.15-04.04.58:831][557]LogModuleManager: Shutting down and abandoning module DatasmithContent (344)
[2018.11.15-04.04.58:831][557]LogModuleManager: Shutting down and abandoning module SpeedTreeImporter (342)
[2018.11.15-04.04.58:831][557]LogModuleManager: Shutting down and abandoning module PluginBrowser (340)
[2018.11.15-04.04.58:831][557]LogModuleManager: Shutting down and abandoning module MobileLauncherProfileWizard (338)
[2018.11.15-04.04.58:831][557]LogModuleManager: Shutting down and abandoning module PolygonModeling (336)
[2018.11.15-04.04.58:831][557]LogModuleManager: Shutting down and abandoning module MeshEditor (334)
[2018.11.15-04.04.58:831][557]LogModuleManager: Shutting down and abandoning module CryptoKeysOpenSSL (332)
[2018.11.15-04.04.58:831][557]LogModuleManager: Shutting down and abandoning module CryptoKeys (330)
[2018.11.15-04.04.58:831][557]LogModuleManager: Shutting down and abandoning module VisualStudioSourceCodeAccess (328)
[2018.11.15-04.04.58:831][557]LogModuleManager: Shutting down and abandoning module VisualStudioCodeSourceCodeAccess (326)
[2018.11.15-04.04.58:831][557]LogModuleManager: Shutting down and abandoning module UObjectPlugin (324)
[2018.11.15-04.04.58:831][557]LogModuleManager: Shutting down and abandoning module SubversionSourceControl (322)
[2018.11.15-04.04.58:831][557]LogModuleManager: Shutting down and abandoning module PerforceSourceControl (320)
[2018.11.15-04.04.58:831][557]LogModuleManager: Shutting down and abandoning module GitSourceControl (318)
[2018.11.15-04.04.58:831][557]LogModuleManager: Shutting down and abandoning module SourceControl (317)
[2018.11.15-04.04.58:832][557]LogModuleManager: Shutting down and abandoning module CLionSourceCodeAccess (314)
[2018.11.15-04.04.58:832][557]LogModuleManager: Shutting down and abandoning module LightPropagationVolumeEditor (312)
[2018.11.15-04.04.58:832][557]LogModuleManager: Shutting down and abandoning module PaperTiledImporter (310)
[2018.11.15-04.04.58:832][557]LogModuleManager: Shutting down and abandoning module PaperSpriteSheetImporter (308)
[2018.11.15-04.04.58:832][557]LogModuleManager: Shutting down and abandoning module Paper2DEditor (306)
[2018.11.15-04.04.58:832][557]LogModuleManager: Shutting down and abandoning module MeshPaint (305)
[2018.11.15-04.04.58:832][557]LogModuleManager: Shutting down and abandoning module RuntimePhysXCooking (302)
[2018.11.15-04.04.58:832][557]LogModuleManager: Shutting down and abandoning module PhysXVehiclesEditor (300)
[2018.11.15-04.04.58:832][557]LogModuleManager: Shutting down and abandoning module PhysXVehicles (298)
[2018.11.15-04.04.58:832][557]LogModuleManager: Shutting down and abandoning module OculusEditor (296)
[2018.11.15-04.04.58:832][557]LogModuleManager: Shutting down and abandoning module LocationServicesBPLibrary (294)
[2018.11.15-04.04.58:832][557]LogModuleManager: Shutting down and abandoning module ImmediatePhysicsEditor (292)
[2018.11.15-04.04.58:832][557]LogModuleManager: Shutting down and abandoning module ImmediatePhysics (290)
[2018.11.15-04.04.58:832][557]LogModuleManager: Shutting down and abandoning module ApexDestructionEditor (288)
[2018.11.15-04.04.58:832][557]LogModuleManager: Shutting down and abandoning module ApexDestruction (286)
[2018.11.15-04.04.58:832][557]LogModuleManager: Shutting down and abandoning module ActorSequence (284)
[2018.11.15-04.04.58:832][557]LogModuleManager: Shutting down and abandoning module UdpMessaging (282)
[2018.11.15-04.04.58:934][557]LogModuleManager: Shutting down and abandoning module TcpMessaging (280)
[2018.11.15-04.04.59:034][557]LogModuleManager: Shutting down and abandoning module MagicLeapAudio (278)
[2018.11.15-04.04.59:034][557]LogModuleManager: Shutting down and abandoning module GameplayTagsEditor (276)
[2018.11.15-04.04.59:034][557]LogModuleManager: Shutting down and abandoning module FacialAnimationEditor (274)
[2018.11.15-04.04.59:034][557]LogModuleManager: Shutting down and abandoning module FacialAnimation (272)
[2018.11.15-04.04.59:034][557]LogModuleManager: Shutting down and abandoning module DataValidation (270)
[2018.11.15-04.04.59:034][557]LogModuleManager: Shutting down and abandoning module AssetManagerEditor (268)
[2018.11.15-04.04.59:034][557]LogModuleManager: Shutting down and abandoning module LevelEditor (267)
[2018.11.15-04.04.59:035][557]LogModuleManager: Shutting down and abandoning module PixelInspectorModule (266)
[2018.11.15-04.04.59:035][557]LogModuleManager: Shutting down and abandoning module CommonMenuExtensions (264)
[2018.11.15-04.04.59:035][557]LogModuleManager: Shutting down and abandoning module MainFrame (262)
[2018.11.15-04.04.59:035][557]LogModuleManager: Shutting down and abandoning module HotReload (261)
[2018.11.15-04.04.59:035][557]LogModuleManager: Shutting down and abandoning module ContentBrowser (257)
[2018.11.15-04.04.59:036][557]LogModuleManager: Shutting down and abandoning module TreeMap (255)
[2018.11.15-04.04.59:036][557]LogModuleManager: Shutting down and abandoning module LightPropagationVolumeRuntime (252)
[2018.11.15-04.04.59:036][557]LogModuleManager: Shutting down and abandoning module AISupportModule (250)
[2018.11.15-04.04.59:037][557]LogModuleManager: Shutting down and abandoning module Paper2D (248)
[2018.11.15-04.04.59:037][557]LogModuleManager: Shutting down and abandoning module WindowsMoviePlayer (246)
[2018.11.15-04.04.59:037][557]LogModuleManager: Shutting down and abandoning module WmfMedia (244)
[2018.11.15-04.04.59:038][557]LogModuleManager: Shutting down and abandoning module Media (243)
[2018.11.15-04.04.59:044][557]LogModuleManager: Shutting down and abandoning module PacketHandler (240)
[2018.11.15-04.04.59:044][557]LogModuleManager: Shutting down and abandoning module ClothingSystemEditor (238)
[2018.11.15-04.04.59:044][557]LogModuleManager: Shutting down and abandoning module ClothingSystemRuntime (236)
[2018.11.15-04.04.59:044][557]LogModuleManager: Shutting down and abandoning module MediaAssets (234)
[2018.11.15-04.04.59:044][557]LogModuleManager: Shutting down and abandoning module Overlay (232)
[2018.11.15-04.04.59:044][557]LogModuleManager: Shutting down and abandoning module OverlayEditor (231)
[2018.11.15-04.04.59:044][557]LogModuleManager: Shutting down and abandoning module VREditor (228)
[2018.11.15-04.04.59:044][557]LogModuleManager: Shutting down and abandoning module StringTableEditor (226)
[2018.11.15-04.04.59:044][557]LogModuleManager: Shutting down and abandoning module GameplayTasksEditor (224)
[2018.11.15-04.04.59:044][557]LogModuleManager: Shutting down and abandoning module BehaviorTreeEditor (222)
[2018.11.15-04.04.59:044][557]LogModuleManager: Shutting down and abandoning module FunctionalTesting (220)
[2018.11.15-04.04.59:044][557]LogModuleManager: Shutting down and abandoning module CollisionAnalyzer (218)
[2018.11.15-04.04.59:044][557]LogModuleManager: Shutting down and abandoning module WorkspaceMenuStructure (217)
[2018.11.15-04.04.59:045][557]LogModuleManager: Shutting down and abandoning module UMG (214)
[2018.11.15-04.04.59:045][557]LogModuleManager: Shutting down and abandoning module UMGEditor (213)
[2018.11.15-04.04.59:045][557]LogModuleManager: Shutting down and abandoning module Sequencer (212)
[2018.11.15-04.04.59:045][557]LogModuleManager: Shutting down and abandoning module MessageLog (209)
[2018.11.15-04.04.59:045][557]LogModuleManager: Shutting down and abandoning module SlateReflector (204)
[2018.11.15-04.04.59:045][557]LogModuleManager: Shutting down and abandoning module Slate (202)
[2018.11.15-04.04.59:045][557]LogModuleManager: Shutting down and abandoning module EditorStyle (200)
[2018.11.15-04.04.59:047][557]LogModuleManager: Shutting down and abandoning module MRMesh (198)
[2018.11.15-04.04.59:047][557]LogModuleManager: Shutting down and abandoning module SourceCodeAccess (196)
[2018.11.15-04.04.59:047][557]LogModuleManager: Shutting down and abandoning module HeadMountedDisplay (194)
[2018.11.15-04.04.59:047][557]LogModuleManager: Shutting down and abandoning module XAudio2 (192)
[2018.11.15-04.04.59:047][557]LogModuleManager: Shutting down and abandoning module Networking (190)
[2018.11.15-04.04.59:047][557]LogModuleManager: Shutting down and abandoning module Core (188)
[2018.11.15-04.04.59:047][557]LogModuleManager: Shutting down and abandoning module LevelSequence (186)
[2018.11.15-04.04.59:047][557]LogModuleManager: Shutting down and abandoning module KismetCompiler (184)
[2018.11.15-04.04.59:047][557]LogModuleManager: Shutting down and abandoning module MeshUtilities (182)
[2018.11.15-04.04.59:047][557]LogModuleManager: Shutting down and abandoning module MeshMergeUtilities (181)
[2018.11.15-04.04.59:047][557]LogModuleManager: Shutting down and abandoning module MeshReductionInterface (180)
[2018.11.15-04.04.59:047][557]LogModuleManager: Shutting down and abandoning module SimplygonSwarm (179)
[2018.11.15-04.04.59:047][557]LogModuleManager: Shutting down and abandoning module ProxyLODMeshReduction (177)
[2018.11.15-04.04.59:047][557]LogModuleManager: Shutting down and abandoning module SimplygonMeshReduction (175)
[2018.11.15-04.04.59:047][557]LogModuleManager: Shutting down and abandoning module QuadricMeshReduction (173)
[2018.11.15-04.04.59:047][557]LogModuleManager: Shutting down and abandoning module MaterialBaking (169)
[2018.11.15-04.04.59:047][557]LogModuleManager: Shutting down and abandoning module DirectoryWatcher (165)
[2018.11.15-04.04.59:047][557]LogModuleManager: Shutting down and abandoning module DerivedDataCache (162)
[2018.11.15-04.04.59:053][557]LogDerivedDataCache: Shutdown
[2018.11.15-04.04.59:053][557]LogModuleManager: Shutting down and abandoning module XGEController (160)
[2018.11.15-04.04.59:053][557]LogXGEController: Cleaning working directory: C:/Users/u1218942/AppData/Local/Temp/UnrealXGEWorkingDir/
[2018.11.15-04.04.59:053][557]LogModuleManager: Shutting down and abandoning module TargetPlatform (158)
[2018.11.15-04.04.59:053][557]LogModuleManager: Shutting down and abandoning module VulkanShaderFormat (157)
[2018.11.15-04.04.59:053][557]LogModuleManager: Shutting down and abandoning module ShaderFormatVectorVM (155)
[2018.11.15-04.04.59:053][557]LogModuleManager: Shutting down and abandoning module ShaderFormatOpenGL (153)
[2018.11.15-04.04.59:053][557]LogModuleManager: Shutting down and abandoning module ShaderFormatD3D (151)
[2018.11.15-04.04.59:053][557]LogModuleManager: Shutting down and abandoning module MetalShaderFormat (149)
[2018.11.15-04.04.59:054][557]LogModuleManager: Shutting down and abandoning module TextureFormatUncompressed (147)
[2018.11.15-04.04.59:054][557]LogModuleManager: Shutting down and abandoning module TextureFormatPVR (145)
[2018.11.15-04.04.59:054][557]LogModuleManager: Shutting down and abandoning module TextureFormatDXT (143)
[2018.11.15-04.04.59:054][557]LogModuleManager: Shutting down and abandoning module TextureFormatIntelISPCTexComp (141)
[2018.11.15-04.04.59:054][557]LogModuleManager: Shutting down and abandoning module TextureFormatASTC (139)
[2018.11.15-04.04.59:054][557]LogModuleManager: Shutting down and abandoning module ImageWrapper (138)
[2018.11.15-04.04.59:054][557]LogModuleManager: Shutting down and abandoning module TextureFormatAndroid (135)
[2018.11.15-04.04.59:054][557]LogModuleManager: Shutting down and abandoning module AudioFormatOpus (133)
[2018.11.15-04.04.59:054][557]LogModuleManager: Shutting down and abandoning module AudioFormatOgg (131)
[2018.11.15-04.04.59:054][557]LogModuleManager: Shutting down and abandoning module AudioFormatADPCM (129)
[2018.11.15-04.04.59:054][557]LogModuleManager: Shutting down and abandoning module LuminTargetPlatform (127)
[2018.11.15-04.04.59:054][557]LogModuleManager: Shutting down and abandoning module LinuxTargetPlatform (125)
[2018.11.15-04.04.59:054][557]LogModuleManager: Shutting down and abandoning module LinuxServerTargetPlatform (123)
[2018.11.15-04.04.59:054][557]LogModuleManager: Shutting down and abandoning module LinuxNoEditorTargetPlatform (121)
[2018.11.15-04.04.59:054][557]LogModuleManager: Shutting down and abandoning module LinuxClientTargetPlatform (119)
[2018.11.15-04.04.59:054][557]LogModuleManager: Shutting down and abandoning module TVOSTargetPlatform (117)
[2018.11.15-04.04.59:055][557]LogModuleManager: Shutting down and abandoning module Messaging (115)
[2018.11.15-04.04.59:055][557]LogModuleManager: Shutting down and abandoning module IOSTargetPlatform (113)
[2018.11.15-04.04.59:055][557]LogModuleManager: Shutting down and abandoning module HTML5TargetPlatform (111)
[2018.11.15-04.04.59:055][557]LogModuleManager: Shutting down and abandoning module AndroidTargetPlatform (109)
[2018.11.15-04.04.59:066][557]LogModuleManager: Shutting down and abandoning module WindowsTargetPlatform (107)
[2018.11.15-04.04.59:066][557]LogModuleManager: Shutting down and abandoning module WindowsServerTargetPlatform (105)
[2018.11.15-04.04.59:066][557]LogModuleManager: Shutting down and abandoning module WindowsNoEditorTargetPlatform (103)
[2018.11.15-04.04.59:066][557]LogModuleManager: Shutting down and abandoning module WindowsClientTargetPlatform (101)
[2018.11.15-04.04.59:066][557]LogModuleManager: Shutting down and abandoning module MacTargetPlatform (99)
[2018.11.15-04.04.59:066][557]LogModuleManager: Shutting down and abandoning module MacServerTargetPlatform (97)
[2018.11.15-04.04.59:066][557]LogModuleManager: Shutting down and abandoning module MacNoEditorTargetPlatform (95)
[2018.11.15-04.04.59:066][557]LogModuleManager: Shutting down and abandoning module MacClientTargetPlatform (93)
[2018.11.15-04.04.59:066][557]LogModuleManager: Shutting down and abandoning module AllDesktopTargetPlatform (91)
[2018.11.15-04.04.59:066][557]LogModuleManager: Shutting down and abandoning module InputCore (88)
[2018.11.15-04.04.59:066][557]LogModuleManager: Shutting down and abandoning module Settings (86)
[2018.11.15-04.04.59:066][557]LogModuleManager: Shutting down and abandoning module PhysXCooking (84)
[2018.11.15-04.04.59:066][557]LogModuleManager: Shutting down and abandoning module SteamVR (82)
[2018.11.15-04.04.59:066][557]LogModuleManager: Shutting down and abandoning module OculusHMD (80)
[2018.11.15-04.04.59:066][557]LogModuleManager: Shutting down and abandoning module ExampleDeviceProfileSelector (78)
[2018.11.15-04.04.59:066][557]LogModuleManager: Shutting down and abandoning module LauncherChunkInstaller (76)
[2018.11.15-04.04.59:066][557]LogModuleManager: Shutting down and abandoning module OnlineBlueprintSupport (74)
[2018.11.15-04.04.59:066][557]LogModuleManager: Shutting down and abandoning module OnlineSubsystem (70)
[2018.11.15-04.04.59:067][557]LogModuleManager: Shutting down and abandoning module XMPP (65)
[2018.11.15-04.04.59:067][557]LogModuleManager: Shutting down and abandoning module WebSockets (64)
[2018.11.15-04.04.59:088][557]LogModuleManager: Shutting down and abandoning module HTTP (61)
[2018.11.15-04.04.59:088][557]LogHttp: Display: Http module shutting down, but needs to wait on 1 outstanding Http requests:
[2018.11.15-04.04.59:088][557]LogHttp: Display: 	verb=[POST] url=[https://datarouter.ol.epicgames.com/datarouter/api/v1/public/data?SessionID=%7B784D842D-469B-8903-424D-57A2DDA706ED%7D&AppID=UEEditor.Rocket.Release&AppVersion=4.20.3-4212847%2B%2B%2BUE4%2BRelease-4.20&UserID=2aeb0199409c1bc6f20eb1a16bb56c09%7C7655b99bca154086b0bff9305cdcbba3%7C3b2b3ea1-afe5-4931-a325-1b1645fe5cf7&AppEnvironment=datacollector-binary&UploadType=eteventstream] status=Processing
[2018.11.15-04.04.59:100][557]LogModuleManager: Shutting down and abandoning module SSL (60)
[2018.11.15-04.04.59:101][557]LogModuleManager: Shutting down and abandoning module MagicLeapEmulator (56)
[2018.11.15-04.04.59:101][557]LogModuleManager: Shutting down and abandoning module MagicLeapPrivileges (54)
[2018.11.15-04.04.59:101][557]LogModuleManager: Shutting down and abandoning module MagicLeapIdentity (52)
[2018.11.15-04.04.59:101][557]LogModuleManager: Shutting down and abandoning module MagicLeapHelperVulkan (50)
[2018.11.15-04.04.59:101][557]LogModuleManager: Shutting down and abandoning module MagicLeapHelperOpenGL (48)
[2018.11.15-04.04.59:101][557]LogModuleManager: Shutting down and abandoning module MagicLeapSecureStorage (46)
[2018.11.15-04.04.59:101][557]LogModuleManager: Shutting down and abandoning module MagicLeapGestures (44)
[2018.11.15-04.04.59:101][557]LogModuleManager: Shutting down and abandoning module MagicLeapEyeTracker (42)
[2018.11.15-04.04.59:101][557]LogModuleManager: Shutting down and abandoning module MagicLeapController (40)
[2018.11.15-04.04.59:101][557]LogSlate: Slate User Destroyed.  User Index 0, Is Virtual User: 0
[2018.11.15-04.04.59:101][557]LogModuleManager: Shutting down and abandoning module MagicLeap (38)
[2018.11.15-04.04.59:101][557]LogModuleManager: Shutting down and abandoning module AnimationModifiers (36)
[2018.11.15-04.04.59:101][557]LogModuleManager: Shutting down and abandoning module PropertyEditor (35)
[2018.11.15-04.04.59:101][557]LogModuleManager: Shutting down and abandoning module AudioEditor (32)
[2018.11.15-04.04.59:101][557]LogModuleManager: Shutting down and abandoning module TextureCompressor (30)
[2018.11.15-04.04.59:102][557]LogModuleManager: Shutting down and abandoning module ShaderCore (28)
[2018.11.15-04.04.59:102][557]LogModuleManager: Shutting down and abandoning module Landscape (26)
[2018.11.15-04.04.59:102][557]LogModuleManager: Shutting down and abandoning module SlateRHIRenderer (24)
[2018.11.15-04.04.59:103][557]LogModuleManager: Shutting down and abandoning module OpenGLDrv (22)
[2018.11.15-04.04.59:103][557]LogModuleManager: Shutting down and abandoning module D3D11RHI (20)
[2018.11.15-04.04.59:103][557]LogModuleManager: Shutting down and abandoning module AnimGraphRuntime (18)
[2018.11.15-04.04.59:103][557]LogModuleManager: Shutting down and abandoning module Renderer (16)
[2018.11.15-04.04.59:103][557]LogModuleManager: Shutting down and abandoning module Engine (14)
[2018.11.15-04.04.59:103][557]LogModuleManager: Shutting down and abandoning module CoreUObject (12)
[2018.11.15-04.04.59:103][557]LogModuleManager: Shutting down and abandoning module NetworkFile (10)
[2018.11.15-04.04.59:103][557]LogModuleManager: Shutting down and abandoning module CookedIterativeFile (8)
[2018.11.15-04.04.59:103][557]LogModuleManager: Shutting down and abandoning module StreamingFile (6)
[2018.11.15-04.04.59:103][557]LogModuleManager: Shutting down and abandoning module SandboxFile (4)
[2018.11.15-04.04.59:103][557]LogModuleManager: Shutting down and abandoning module PakFile (2)
[2018.11.15-04.04.59:109][557]LogExit: Exiting.
[2018.11.15-04.04.59:127][557]Log file closed, 11/14/18 21:04:59
